<?xml version="1.0" encoding="UTF-8" ?>
<testsuite errors="0" failures="0" hostname="cosimo-VirtualBox" name="it.polito.verifuse.framework.test.RDFTest" skipped="0" tests="15" time="6.531" timestamp="2021-05-20T19:45:07">
  <properties>
[...]
</properties>
  <testcase classname="it.polito.verifuse.framework.test.RDFTest" name="testRDF_FindMappingFunctionality" time="0.02"></testcase>
  <testcase classname="it.polito.verifuse.framework.test.RDFTest" name="testRequirmentVNFNumber" time="0.0"></testcase>
  <testcase classname="it.polito.verifuse.framework.test.RDFTest" name="testNotNullElementRequirment" time="0.0"></testcase>
  <testcase classname="it.polito.verifuse.framework.test.RDFTest" name="testRDF_SizeFindMappingFunctionality" time="0.004"></testcase>
  <testcase classname="it.polito.verifuse.framework.test.RDFTest" name="testRDF" time="0.002"></testcase>
  <testcase classname="it.polito.verifuse.framework.test.RDFTest" name="testUnsat" time="0.203"></testcase>
  <testcase classname="it.polito.verifuse.framework.test.RDFTest" name="testRDF8thread" time="1.014"></testcase>
  <testcase classname="it.polito.verifuse.framework.test.RDFTest" name="testPerformPostScenarioOnNeo4j" time="1.832"></testcase>
  <testcase classname="it.polito.verifuse.framework.test.RDFTest" name="testFieldStarAndPlus" time="0.063"></testcase>
  <testcase classname="it.polito.verifuse.framework.test.RDFTest" name="testPerformPostScenarioOnNeo4jNullClient" time="0.0"></testcase>
  <testcase classname="it.polito.verifuse.framework.test.RDFTest" name="testRDFWhitNullObject" time="0.0"></testcase>
  <testcase classname="it.polito.verifuse.framework.test.RDFTest" name="testNotNullElementVNF" time="0.001"></testcase>
  <testcase classname="it.polito.verifuse.framework.test.RDFTest" name="testRDF5thread" time="0.966"></testcase>
  <testcase classname="it.polito.verifuse.framework.test.RDFTest" name="testRDF10thread" time="0.641"></testcase>
  <testcase classname="it.polito.verifuse.framework.test.RDFTest" name="testRDF_AllowContraint" time="0.001"></testcase>
  <system-out><![CDATA[]]></system-out>
  <system-err><![CDATA[javax.ws.rs.ProcessingException: Error writing JSON-B serialized object.
	at org.glassfish.jersey.jsonb.internal.JsonBindingProvider.writeTo(JsonBindingProvider.java:97)
	at org.glassfish.jersey.message.internal.WriterInterceptorExecutor$TerminalWriterInterceptor.invokeWriteTo(WriterInterceptorExecutor.java:242)
	at org.glassfish.jersey.message.internal.WriterInterceptorExecutor$TerminalWriterInterceptor.aroundWriteTo(WriterInterceptorExecutor.java:227)
	at org.glassfish.jersey.message.internal.WriterInterceptorExecutor.proceed(WriterInterceptorExecutor.java:139)
	at org.glassfish.jersey.message.internal.MessageBodyFactory.writeTo(MessageBodyFactory.java:1111)
	at org.glassfish.jersey.client.ClientRequest.doWriteEntity(ClientRequest.java:492)
	at org.glassfish.jersey.client.ClientRequest.writeEntity(ClientRequest.java:474)
	at org.glassfish.jersey.client.internal.HttpUrlConnector._apply(HttpUrlConnector.java:360)
	at org.glassfish.jersey.client.internal.HttpUrlConnector.apply(HttpUrlConnector.java:258)
	at org.glassfish.jersey.client.ClientRuntime.invoke(ClientRuntime.java:254)
	at org.glassfish.jersey.client.JerseyInvocation.lambda$invoke$0(JerseyInvocation.java:729)
	at org.glassfish.jersey.internal.Errors.process(Errors.java:292)
	at org.glassfish.jersey.internal.Errors.process(Errors.java:274)
	at org.glassfish.jersey.internal.Errors.process(Errors.java:205)
	at org.glassfish.jersey.process.internal.RequestScope.runInScope(RequestScope.java:390)
	at org.glassfish.jersey.client.JerseyInvocation.invoke(JerseyInvocation.java:728)
	at org.glassfish.jersey.client.JerseyInvocation$Builder.method(JerseyInvocation.java:421)
	at org.glassfish.jersey.client.JerseyInvocation$Builder.post(JerseyInvocation.java:327)
	at it.polito.verifuse.neo4j.client.Neo4jClient.performPost(Neo4jClient.java:82)
	at it.polito.verifuse.modules.RDF.graphDBNeo4j(RDF.java:157)
	at it.polito.verifuse.framework.test.RDFTest.testPerformPostScenarioOnNeo4j(Unknown Source)
	at sun.reflect.NativeMethodAccessorImpl.invoke0(Native Method)
	at sun.reflect.NativeMethodAccessorImpl.invoke(NativeMethodAccessorImpl.java:62)
	at sun.reflect.DelegatingMethodAccessorImpl.invoke(DelegatingMethodAccessorImpl.java:43)
	at java.lang.reflect.Method.invoke(Method.java:498)
	at org.junit.runners.model.FrameworkMethod$1.runReflectiveCall(FrameworkMethod.java:50)
	at org.junit.internal.runners.model.ReflectiveCallable.run(ReflectiveCallable.java:12)
	at org.junit.runners.model.FrameworkMethod.invokeExplosively(FrameworkMethod.java:47)
	at org.junit.internal.runners.statements.InvokeMethod.evaluate(InvokeMethod.java:17)
	at org.junit.runners.ParentRunner.runLeaf(ParentRunner.java:325)
	at org.junit.runners.BlockJUnit4ClassRunner.runChild(BlockJUnit4ClassRunner.java:78)
	at org.junit.runners.BlockJUnit4ClassRunner.runChild(BlockJUnit4ClassRunner.java:57)
	at org.junit.runners.ParentRunner$3.run(ParentRunner.java:290)
	at org.junit.runners.ParentRunner$1.schedule(ParentRunner.java:71)
	at org.junit.runners.ParentRunner.runChildren(ParentRunner.java:288)
	at org.junit.runners.ParentRunner.access$000(ParentRunner.java:58)
	at org.junit.runners.ParentRunner$2.evaluate(ParentRunner.java:268)
	at org.junit.internal.runners.statements.RunBefores.evaluate(RunBefores.java:26)
	at org.junit.runners.ParentRunner.run(ParentRunner.java:363)
	at junit.framework.JUnit4TestAdapter.run(JUnit4TestAdapter.java:38)
	at org.apache.tools.ant.taskdefs.optional.junit.JUnitTestRunner.run(JUnitTestRunner.java:535)
	at org.apache.tools.ant.taskdefs.optional.junit.JUnitTestRunner.launch(JUnitTestRunner.java:1182)
	at org.apache.tools.ant.taskdefs.optional.junit.JUnitTestRunner.main(JUnitTestRunner.java:1033)
Caused by: java.net.ConnectException: Connessione rifiutata (Connection refused)
	at java.net.PlainSocketImpl.socketConnect(Native Method)
	at java.net.AbstractPlainSocketImpl.doConnect(AbstractPlainSocketImpl.java:476)
	at java.net.AbstractPlainSocketImpl.connectToAddress(AbstractPlainSocketImpl.java:218)
	at java.net.AbstractPlainSocketImpl.connect(AbstractPlainSocketImpl.java:200)
	at java.net.SocksSocketImpl.connect(SocksSocketImpl.java:394)
	at java.net.Socket.connect(Socket.java:606)
	at sun.net.NetworkClient.doConnect(NetworkClient.java:175)
	at sun.net.www.http.HttpClient.openServer(HttpClient.java:463)
	at sun.net.www.http.HttpClient.openServer(HttpClient.java:558)
	at sun.net.www.http.HttpClient.<init>(HttpClient.java:242)
	at sun.net.www.http.HttpClient.New(HttpClient.java:339)
	at sun.net.www.http.HttpClient.New(HttpClient.java:357)
	at sun.net.www.protocol.http.HttpURLConnection.getNewHttpClient(HttpURLConnection.java:1226)
	at sun.net.www.protocol.http.HttpURLConnection.plainConnect0(HttpURLConnection.java:1162)
	at sun.net.www.protocol.http.HttpURLConnection.plainConnect(HttpURLConnection.java:1056)
	at sun.net.www.protocol.http.HttpURLConnection.connect(HttpURLConnection.java:990)
	at sun.net.www.protocol.http.HttpURLConnection.getOutputStream0(HttpURLConnection.java:1340)
	at sun.net.www.protocol.http.HttpURLConnection.getOutputStream(HttpURLConnection.java:1315)
	at org.glassfish.jersey.client.internal.HttpUrlConnector.lambda$_apply$0(HttpUrlConnector.java:358)
	at org.glassfish.jersey.message.internal.CommittingOutputStream.commitStream(CommittingOutputStream.java:171)
	at org.glassfish.jersey.message.internal.CommittingOutputStream.commitStream(CommittingOutputStream.java:165)
	at org.glassfish.jersey.message.internal.CommittingOutputStream.write(CommittingOutputStream.java:184)
	at org.glassfish.jersey.message.internal.WriterInterceptorExecutor$UnCloseableOutputStream.write(WriterInterceptorExecutor.java:271)
	at org.glassfish.jersey.jsonb.internal.JsonBindingProvider.writeTo(JsonBindingProvider.java:94)
	... 42 more
it.polito.verifuse.utility.exceptions.MyExceptions$GeneralException: Error writing JSON-B serialized object.
	at it.polito.verifuse.neo4j.client.Neo4jClient.performPost(Neo4jClient.java:115)
	at it.polito.verifuse.modules.RDF.graphDBNeo4j(RDF.java:157)
	at it.polito.verifuse.framework.test.RDFTest.testPerformPostScenarioOnNeo4j(Unknown Source)
	at sun.reflect.NativeMethodAccessorImpl.invoke0(Native Method)
	at sun.reflect.NativeMethodAccessorImpl.invoke(NativeMethodAccessorImpl.java:62)
	at sun.reflect.DelegatingMethodAccessorImpl.invoke(DelegatingMethodAccessorImpl.java:43)
	at java.lang.reflect.Method.invoke(Method.java:498)
	at org.junit.runners.model.FrameworkMethod$1.runReflectiveCall(FrameworkMethod.java:50)
	at org.junit.internal.runners.model.ReflectiveCallable.run(ReflectiveCallable.java:12)
	at org.junit.runners.model.FrameworkMethod.invokeExplosively(FrameworkMethod.java:47)
	at org.junit.internal.runners.statements.InvokeMethod.evaluate(InvokeMethod.java:17)
	at org.junit.runners.ParentRunner.runLeaf(ParentRunner.java:325)
	at org.junit.runners.BlockJUnit4ClassRunner.runChild(BlockJUnit4ClassRunner.java:78)
	at org.junit.runners.BlockJUnit4ClassRunner.runChild(BlockJUnit4ClassRunner.java:57)
	at org.junit.runners.ParentRunner$3.run(ParentRunner.java:290)
	at org.junit.runners.ParentRunner$1.schedule(ParentRunner.java:71)
	at org.junit.runners.ParentRunner.runChildren(ParentRunner.java:288)
	at org.junit.runners.ParentRunner.access$000(ParentRunner.java:58)
	at org.junit.runners.ParentRunner$2.evaluate(ParentRunner.java:268)
	at org.junit.internal.runners.statements.RunBefores.evaluate(RunBefores.java:26)
	at org.junit.runners.ParentRunner.run(ParentRunner.java:363)
	at junit.framework.JUnit4TestAdapter.run(JUnit4TestAdapter.java:38)
	at org.apache.tools.ant.taskdefs.optional.junit.JUnitTestRunner.run(JUnitTestRunner.java:535)
	at org.apache.tools.ant.taskdefs.optional.junit.JUnitTestRunner.launch(JUnitTestRunner.java:1182)
	at org.apache.tools.ant.taskdefs.optional.junit.JUnitTestRunner.main(JUnitTestRunner.java:1033)
]]></system-err>
</testsuite>
