<?xml version="1.0" encoding="UTF-8" ?>
<testsuite errors="0" failures="0" hostname="cosimo-VirtualBox" name="it.polito.verifuse.framework.test.MainTest" skipped="0" tests="23" time="28.104" timestamp="2021-05-20T19:45:15">
  <properties>
[...]
</properties>
  <testcase classname="it.polito.verifuse.framework.test.MainTest" name="testMain1" time="2.494"></testcase>
  <testcase classname="it.polito.verifuse.framework.test.MainTest" name="testMain2" time="1.543"></testcase>
  <testcase classname="it.polito.verifuse.framework.test.MainTest" name="testMain3" time="1.081"></testcase>
  <testcase classname="it.polito.verifuse.framework.test.MainTest" name="testMain4" time="0.516"></testcase>
  <testcase classname="it.polito.verifuse.framework.test.MainTest" name="testMain5" time="0.629"></testcase>
  <testcase classname="it.polito.verifuse.framework.test.MainTest" name="testMain6" time="0.477"></testcase>
  <testcase classname="it.polito.verifuse.framework.test.MainTest" name="testMain7" time="0.445"></testcase>
  <testcase classname="it.polito.verifuse.framework.test.MainTest" name="testMain8" time="0.645"></testcase>
  <testcase classname="it.polito.verifuse.framework.test.MainTest" name="testMain9" time="0.457"></testcase>
  <testcase classname="it.polito.verifuse.framework.test.MainTest" name="testMain10" time="0.489"></testcase>
  <testcase classname="it.polito.verifuse.framework.test.MainTest" name="testMain11" time="0.437"></testcase>
  <testcase classname="it.polito.verifuse.framework.test.MainTest" name="testMain12" time="0.666"></testcase>
  <testcase classname="it.polito.verifuse.framework.test.MainTest" name="testMain13" time="1.092"></testcase>
  <testcase classname="it.polito.verifuse.framework.test.MainTest" name="testMain14" time="1.699"></testcase>
  <testcase classname="it.polito.verifuse.framework.test.MainTest" name="testMain15" time="1.431"></testcase>
  <testcase classname="it.polito.verifuse.framework.test.MainTest" name="testMain16" time="0.99"></testcase>
  <testcase classname="it.polito.verifuse.framework.test.MainTest" name="testMain17" time="0.709"></testcase>
  <testcase classname="it.polito.verifuse.framework.test.MainTest" name="testMain18" time="0.712"></testcase>
  <testcase classname="it.polito.verifuse.framework.test.MainTest" name="testMain19" time="0.779"></testcase>
  <testcase classname="it.polito.verifuse.framework.test.MainTest" name="testMain20" time="7.802"></testcase>
  <testcase classname="it.polito.verifuse.framework.test.MainTest" name="testMain22" time="0.914"></testcase>
  <testcase classname="it.polito.verifuse.framework.test.MainTest" name="testMain23" time="0.893"></testcase>
  <testcase classname="it.polito.verifuse.framework.test.MainTest" name="testMain24" time="0.892"></testcase>
  <system-out><![CDATA[************* TOOL ENABLED by tools.xml file *************
------------------------------------------------------------------------------------------------------------------------------------
Neo4jDB status=false
Marshall on file status=true
Output on file status=false
------------------------------------------------------------------------------------------------------------------------------------
> Unmarshall MANIFEST ended - Find =  1
------------------------------------------------------------------------------------------------------------------------------------
------------------------------------------------------------------------------------------------------------------------------------
Manifest NAME= VNF1
FIELD:
	URLS= null
	PORT_DST= null
	PORT_SRC= null
	PROTO= null
	TIME= null
	PRIORITY= null
	DOCUMENTS= null
	IP_SRC_VER_4= null
	IP_DST_VER_4= null
	SCRIPTS= null
	BANDWITH= null
	DAY= null
	BODY= null
	VLAN_TAG= null
ACTION:
	LOG_TRAFFIC
	DENY_TRAFFIC
	ALLOW_TRAFFIC
	COUNT
	ALERT
> Unmarshall REQUIREMENTS ended in :304ms Element: 1
------------------------------------------------------------------------------------------------------------------------------------
------------------------------------------------------------------------------------------------------------------------------------
	 REQUIREMENT = 1
------------------------------------------------------------------------------------------------------------------------------------
FIELD = URLS	VALUE = [http://example.com/provapage.html]
FIELD = PORT_DST	VALUE = [100-10500]
FIELD = PROTO	VALUE = [TCP]
FIELD = TIME	VALUE = [Sunday;00:10:33;12:15:22, Monday;01:10:33;12:15:22]
FIELD = DAY	VALUE = [Monday, Friday, Sunday]
FIELD = DOCUMENTS	VALUE = [DOCX, PDF]
FIELD = IP_SRC_VER_4	VALUE = [10.0.3.21/24]
------------------------------------------------------------------------------------------------------------------------------------
Order Position = 1	LOG_TRAFFIC
Order Position = 2	DENY_TRAFFIC
Order Position = 2	COUNT
------------------------------------------------------------------------------------------------------------------------------------
ID= 953525106	Fields= {URLS=[NOT_CONF_MAKE_DEC], PORT_DST=[100-10500], PROTO=[TCP], TIME=[Sunday;00:10:33;12:15:22, Monday;01:10:33;12:15:22], DAY=[Monday, Friday, Sunday], DOCUMENTS=[NOT_CONF_MAKE_DEC], IP_SRC_VER_4=[10.0.3.21/24]}	Action= [LOG_TRAFFIC, DENY_TRAFFIC, COUNT]	VNFS= [VNF1]
------------------------------------------------------------------------------------------------------------------------------------
Finding chaining = 95ms
Requirement_1:SOL_0	
	FUNCTION_ID=953525106	[LOG_TRAFFIC@953525106, DENY_TRAFFIC@953525106, COUNT@953525106]
SAT= PARTIAL
ALL REQUIREMENT HAS BEEN PROCESSED AND ARE TERMINATED IN = 424ms
************* TOOL ENABLED by tools.xml file *************
------------------------------------------------------------------------------------------------------------------------------------
Neo4jDB status=false
Marshall on file status=true
Output on file status=false
------------------------------------------------------------------------------------------------------------------------------------
> Unmarshall MANIFEST ended - Find =  2
------------------------------------------------------------------------------------------------------------------------------------
------------------------------------------------------------------------------------------------------------------------------------
Manifest NAME= VNF1
FIELD:
	URLS= null
	PORT_DST= null
	PORT_SRC= null
	PROTO= null
	TIME= null
	PRIORITY= null
	DOCUMENTS= null
	IP_SRC_VER_4= null
	IP_DST_VER_4= null
	SCRIPTS= null
	BANDWITH= null
	DAY= null
	BODY= null
	VLAN_TAG= null
ACTION:
	LOG_TRAFFIC
	DENY_TRAFFIC
	ALLOW_TRAFFIC
	COUNT
	ALERT
------------------------------------------------------------------------------------------------------------------------------------
Manifest NAME= VNF2
FIELD:
	URLS= null
	PORT_DST= null
	PORT_SRC= null
	PROTO= null
	TIME= null
	PRIORITY= null
	DOCUMENTS= null
	IP_SRC_VER_4= null
	IP_DST_VER_4= null
	SCRIPTS= null
	BANDWITH= null
	DAY= null
	BODY= null
	VLAN_TAG= null
ACTION:
	LOG_TRAFFIC
	DENY_TRAFFIC
	ALLOW_TRAFFIC
	COUNT
	ALERT
> Unmarshall REQUIREMENTS ended in :392ms Element: 1
------------------------------------------------------------------------------------------------------------------------------------
------------------------------------------------------------------------------------------------------------------------------------
	 REQUIREMENT = 1
------------------------------------------------------------------------------------------------------------------------------------
FIELD = URLS	VALUE = [http://example.com/provapage.html]
FIELD = PORT_DST	VALUE = [100-10500]
FIELD = PROTO	VALUE = [TCP]
FIELD = TIME	VALUE = [Sunday;00:10:33;12:15:22, Monday;01:10:33;12:15:22]
FIELD = DAY	VALUE = [Monday, Friday, Sunday]
FIELD = DOCUMENTS	VALUE = [DOCX, PDF]
FIELD = IP_SRC_VER_4	VALUE = [10.0.3.21/24]
------------------------------------------------------------------------------------------------------------------------------------
Order Position = 1	LOG_TRAFFIC
Order Position = 2	DENY_TRAFFIC
Order Position = 2	COUNT
------------------------------------------------------------------------------------------------------------------------------------
ID= 896962859	Fields= {URLS=[http://example.com/provapage.html], PORT_DST=[100-10500], PROTO=[TCP], TIME=[Sunday;00:10:33;12:15:22, Monday;01:10:33;12:15:22], DAY=[Monday, Friday, Sunday], DOCUMENTS=[DOCX, PDF], IP_SRC_VER_4=[10.0.3.21/24]}	Action= [LOG_TRAFFIC, DENY_TRAFFIC, COUNT]	VNFS= [VNF2]
ID= 1734699035	Fields= {URLS=[NOT_CONF_MAKE_DEC], PORT_DST=[100-10500], PROTO=[TCP], TIME=[Sunday;00:10:33;12:15:22, Monday;01:10:33;12:15:22], DAY=[Monday, Friday, Sunday], DOCUMENTS=[NOT_CONF_MAKE_DEC], IP_SRC_VER_4=[10.0.3.21/24]}	Action= [LOG_TRAFFIC, DENY_TRAFFIC, COUNT]	VNFS= [VNF1]
------------------------------------------------------------------------------------------------------------------------------------
Finding chaining = 3ms
Requirement_1:SOL_0	
	FUNCTION_ID=1734699035	[LOG_TRAFFIC@1734699035]
	FUNCTION_ID=896962859	[DENY_TRAFFIC@896962859, COUNT@896962859]
SAT= COMPLETE
Requirement_1:SOL_1	
	FUNCTION_ID=896962859	[LOG_TRAFFIC@896962859, DENY_TRAFFIC@896962859, COUNT@896962859]
SAT= COMPLETE
Requirement_1:SOL_2	
	FUNCTION_ID=1734699035	[LOG_TRAFFIC@1734699035, DENY_TRAFFIC@1734699035, COUNT@1734699035]
SAT= PARTIAL
Requirement_1:SOL_3	
	FUNCTION_ID=896962859	[LOG_TRAFFIC@896962859]
	FUNCTION_ID=1734699035	[DENY_TRAFFIC@1734699035, COUNT@1734699035]
SAT= COMPLETE
ALL REQUIREMENT HAS BEEN PROCESSED AND ARE TERMINATED IN = 128ms
************* TOOL ENABLED by tools.xml file *************
------------------------------------------------------------------------------------------------------------------------------------
Neo4jDB status=false
Marshall on file status=true
Output on file status=false
------------------------------------------------------------------------------------------------------------------------------------
> Unmarshall MANIFEST ended - Find =  3
------------------------------------------------------------------------------------------------------------------------------------
------------------------------------------------------------------------------------------------------------------------------------
Manifest NAME= VNF1
FIELD:
	URLS= null
	PORT_DST= null
	PORT_SRC= null
	PROTO= null
	TIME= null
	PRIORITY= null
	DOCUMENTS= null
	IP_SRC_VER_4= null
	IP_DST_VER_4= null
	SCRIPTS= null
	BANDWITH= null
	DAY= null
	BODY= null
	VLAN_TAG= null
ACTION:
	LOG_TRAFFIC
	DENY_TRAFFIC
	ALLOW_TRAFFIC
	COUNT
	ALERT
------------------------------------------------------------------------------------------------------------------------------------
Manifest NAME= VNF2
FIELD:
	URLS= null
	PORT_DST= null
	PORT_SRC= null
	PROTO= null
	TIME= null
	PRIORITY= null
	DOCUMENTS= null
	IP_SRC_VER_4= null
	IP_DST_VER_4= null
	SCRIPTS= null
	BANDWITH= null
	DAY= null
	BODY= null
	VLAN_TAG= null
ACTION:
	LOG_TRAFFIC
	DENY_TRAFFIC
	ALLOW_TRAFFIC
	COUNT
	ALERT
------------------------------------------------------------------------------------------------------------------------------------
Manifest NAME= VNF3
FIELD:
	URLS= null
	PORT_DST= null
	PORT_SRC= null
	PROTO= null
	TIME= null
	PRIORITY= null
	DOCUMENTS= [PDF]
	IP_SRC_VER_4= null
	IP_DST_VER_4= null
	SCRIPTS= null
	BANDWITH= null
	DAY= null
	BODY= null
	VLAN_TAG= null
ACTION:
	LOG_TRAFFIC
	DENY_TRAFFIC
	ALLOW_TRAFFIC
	COUNT
	ALERT
> Unmarshall REQUIREMENTS ended in :116ms Element: 1
------------------------------------------------------------------------------------------------------------------------------------
------------------------------------------------------------------------------------------------------------------------------------
	 REQUIREMENT = 1
------------------------------------------------------------------------------------------------------------------------------------
FIELD = URLS	VALUE = [http://example.com/provapage.html]
FIELD = PORT_DST	VALUE = [100-10500]
FIELD = PROTO	VALUE = [TCP]
FIELD = TIME	VALUE = [Sunday;00:10:33;12:15:22, Monday;01:10:33;12:15:22]
FIELD = DAY	VALUE = [Monday, Friday, Sunday]
FIELD = DOCUMENTS	VALUE = [DOCX, PDF]
FIELD = IP_SRC_VER_4	VALUE = [10.0.3.21/24]
------------------------------------------------------------------------------------------------------------------------------------
Order Position = 1	LOG_TRAFFIC
Order Position = 2	DENY_TRAFFIC
Order Position = 2	COUNT
------------------------------------------------------------------------------------------------------------------------------------
ID= 877544947	Fields= {URLS=[http://example.com/provapage.html], PORT_DST=[100-10500], PROTO=[TCP], TIME=[Sunday;00:10:33;12:15:22, Monday;01:10:33;12:15:22], DAY=[Monday, Friday, Sunday], DOCUMENTS=[DOCX, PDF], IP_SRC_VER_4=[10.0.3.21/24]}	Action= [LOG_TRAFFIC, DENY_TRAFFIC, COUNT]	VNFS= [VNF2]
ID= 1715036281	Fields= {URLS=[http://example.com/provapage.html], PORT_DST=[100-10500], PROTO=[TCP], TIME=[Sunday;00:10:33;12:15:22, Monday;01:10:33;12:15:22], DAY=[Monday, Friday, Sunday], DOCUMENTS=[PDF], IP_SRC_VER_4=[10.0.3.21/24]}	Action= [LOG_TRAFFIC, DENY_TRAFFIC, COUNT]	VNFS= [VNF3]
ID= 1988650900	Fields= {URLS=[NOT_CONF_MAKE_DEC], PORT_DST=[100-10500], PROTO=[TCP], TIME=[Sunday;00:10:33;12:15:22, Monday;01:10:33;12:15:22], DAY=[Monday, Friday, Sunday], DOCUMENTS=[NOT_CONF_MAKE_DEC], IP_SRC_VER_4=[10.0.3.21/24]}	Action= [LOG_TRAFFIC, DENY_TRAFFIC, COUNT]	VNFS= [VNF1]
------------------------------------------------------------------------------------------------------------------------------------
Finding chaining = 2ms
Requirement_1:SOL_0	
	FUNCTION_ID=1988650900	[LOG_TRAFFIC@1988650900, DENY_TRAFFIC@1988650900, COUNT@1988650900]
SAT= PARTIAL
Requirement_1:SOL_1	
	FUNCTION_ID=877544947	[LOG_TRAFFIC@877544947, DENY_TRAFFIC@877544947, COUNT@877544947]
SAT= COMPLETE
Requirement_1:SOL_2	
	FUNCTION_ID=1715036281	[LOG_TRAFFIC@1715036281]
	FUNCTION_ID=877544947	[DENY_TRAFFIC@877544947, COUNT@877544947]
SAT= COMPLETE
Requirement_1:SOL_3	
	FUNCTION_ID=1715036281	[LOG_TRAFFIC@1715036281, DENY_TRAFFIC@1715036281, COUNT@1715036281]
SAT= PARTIAL
Requirement_1:SOL_4	
	FUNCTION_ID=1988650900	[LOG_TRAFFIC@1988650900]
	FUNCTION_ID=877544947	[DENY_TRAFFIC@877544947, COUNT@877544947]
SAT= COMPLETE
Requirement_1:SOL_5	
	FUNCTION_ID=1715036281	[LOG_TRAFFIC@1715036281]
	FUNCTION_ID=1988650900	[DENY_TRAFFIC@1988650900, COUNT@1988650900]
SAT= PARTIAL
Requirement_1:SOL_6	
	FUNCTION_ID=877544947	[LOG_TRAFFIC@877544947]
	FUNCTION_ID=1715036281	[DENY_TRAFFIC@1715036281, COUNT@1715036281]
SAT= COMPLETE
Requirement_1:SOL_7	
	FUNCTION_ID=877544947	[LOG_TRAFFIC@877544947]
	FUNCTION_ID=1988650900	[DENY_TRAFFIC@1988650900, COUNT@1988650900]
SAT= COMPLETE
Requirement_1:SOL_8	
	FUNCTION_ID=1988650900	[LOG_TRAFFIC@1988650900]
	FUNCTION_ID=1715036281	[DENY_TRAFFIC@1715036281, COUNT@1715036281]
SAT= PARTIAL
ALL REQUIREMENT HAS BEEN PROCESSED AND ARE TERMINATED IN = 49ms
************* TOOL ENABLED by tools.xml file *************
------------------------------------------------------------------------------------------------------------------------------------
Neo4jDB status=false
Marshall on file status=true
Output on file status=false
------------------------------------------------------------------------------------------------------------------------------------
> Unmarshall MANIFEST ended - Find =  4
------------------------------------------------------------------------------------------------------------------------------------
------------------------------------------------------------------------------------------------------------------------------------
Manifest NAME= VNF1
FIELD:
	URLS= null
	PORT_DST= null
	PORT_SRC= null
	PROTO= null
	TIME= null
	PRIORITY= null
	DOCUMENTS= null
	IP_SRC_VER_4= null
	IP_DST_VER_4= null
	SCRIPTS= null
	BANDWITH= null
	DAY= null
	BODY= null
	VLAN_TAG= null
ACTION:
	LOG_TRAFFIC
	DENY_TRAFFIC
	ALLOW_TRAFFIC
	COUNT
	ALERT
------------------------------------------------------------------------------------------------------------------------------------
Manifest NAME= VNF2
FIELD:
	URLS= null
	PORT_DST= null
	PORT_SRC= null
	PROTO= null
	TIME= null
	PRIORITY= null
	DOCUMENTS= null
	IP_SRC_VER_4= null
	IP_DST_VER_4= null
	SCRIPTS= null
	BANDWITH= null
	DAY= null
	BODY= null
	VLAN_TAG= null
ACTION:
	LOG_TRAFFIC
	DENY_TRAFFIC
	ALLOW_TRAFFIC
	COUNT
	ALERT
------------------------------------------------------------------------------------------------------------------------------------
Manifest NAME= VNF3
FIELD:
	URLS= null
	PORT_DST= null
	PORT_SRC= null
	PROTO= null
	TIME= null
	PRIORITY= null
	DOCUMENTS= [PDF]
	IP_SRC_VER_4= null
	IP_DST_VER_4= null
	SCRIPTS= null
	BANDWITH= null
	DAY= null
	BODY= null
	VLAN_TAG= null
ACTION:
	LOG_TRAFFIC
	DENY_TRAFFIC
	ALLOW_TRAFFIC
	COUNT
	ALERT
------------------------------------------------------------------------------------------------------------------------------------
Manifest NAME= VNF4
FIELD:
	PORT_SRC= null
	PROTO= [UDP]
	IP_SRC_VER_4= null
ACTION:
	PROTECT_INTEGRITY
	AUTHN_TRAFFIC:DSA
	AUTHN_TRAFFIC:ECDSA
	PROTECT_CONFIDENTIALITY
	NAT_TRAFFIC
	ENCRYPT_TRAFFIC
	AUTHN_TRAFFIC
> Unmarshall REQUIREMENTS ended in :126ms Element: 1
------------------------------------------------------------------------------------------------------------------------------------
------------------------------------------------------------------------------------------------------------------------------------
	 REQUIREMENT = 1
------------------------------------------------------------------------------------------------------------------------------------
FIELD = URLS	VALUE = [http://example.com/provapage.html]
FIELD = PORT_DST	VALUE = [100-10500]
FIELD = PROTO	VALUE = [TCP]
FIELD = TIME	VALUE = [Sunday;00:10:33;12:15:22, Monday;01:10:33;12:15:22]
FIELD = DAY	VALUE = [Monday, Friday, Sunday]
FIELD = DOCUMENTS	VALUE = [DOCX, PDF]
FIELD = IP_SRC_VER_4	VALUE = [10.0.3.21/24]
------------------------------------------------------------------------------------------------------------------------------------
Order Position = 1	LOG_TRAFFIC
Order Position = 2	DENY_TRAFFIC
Order Position = 2	COUNT
------------------------------------------------------------------------------------------------------------------------------------
ID= 280339965	Fields= {URLS=[http://example.com/provapage.html], PORT_DST=[100-10500], PROTO=[TCP], TIME=[Sunday;00:10:33;12:15:22, Monday;01:10:33;12:15:22], DAY=[Monday, Friday, Sunday], DOCUMENTS=[DOCX, PDF], IP_SRC_VER_4=[10.0.3.21/24]}	Action= [LOG_TRAFFIC, DENY_TRAFFIC, COUNT]	VNFS= [VNF2]
ID= 1362269388	Fields= {URLS=[http://example.com/provapage.html], PORT_DST=[100-10500], PROTO=[TCP], TIME=[Sunday;00:10:33;12:15:22, Monday;01:10:33;12:15:22], DAY=[Monday, Friday, Sunday], DOCUMENTS=[PDF], IP_SRC_VER_4=[10.0.3.21/24]}	Action= [LOG_TRAFFIC, DENY_TRAFFIC, COUNT]	VNFS= [VNF3]
ID= 1244696236	Fields= {URLS=[NOT_CONF_MAKE_DEC], PORT_DST=[100-10500], PROTO=[TCP], TIME=[Sunday;00:10:33;12:15:22, Monday;01:10:33;12:15:22], DAY=[Monday, Friday, Sunday], DOCUMENTS=[NOT_CONF_MAKE_DEC], IP_SRC_VER_4=[10.0.3.21/24]}	Action= [LOG_TRAFFIC, DENY_TRAFFIC, COUNT]	VNFS= [VNF1]
------------------------------------------------------------------------------------------------------------------------------------
Finding chaining = 2ms
Requirement_1:SOL_0	
	FUNCTION_ID=1244696236	[LOG_TRAFFIC@1244696236, DENY_TRAFFIC@1244696236, COUNT@1244696236]
SAT= PARTIAL
Requirement_1:SOL_1	
	FUNCTION_ID=280339965	[LOG_TRAFFIC@280339965, DENY_TRAFFIC@280339965, COUNT@280339965]
SAT= COMPLETE
Requirement_1:SOL_2	
	FUNCTION_ID=1362269388	[LOG_TRAFFIC@1362269388]
	FUNCTION_ID=280339965	[DENY_TRAFFIC@280339965, COUNT@280339965]
SAT= COMPLETE
Requirement_1:SOL_3	
	FUNCTION_ID=1362269388	[LOG_TRAFFIC@1362269388, DENY_TRAFFIC@1362269388, COUNT@1362269388]
SAT= PARTIAL
Requirement_1:SOL_4	
	FUNCTION_ID=1244696236	[LOG_TRAFFIC@1244696236]
	FUNCTION_ID=280339965	[DENY_TRAFFIC@280339965, COUNT@280339965]
SAT= COMPLETE
Requirement_1:SOL_5	
	FUNCTION_ID=1362269388	[LOG_TRAFFIC@1362269388]
	FUNCTION_ID=1244696236	[DENY_TRAFFIC@1244696236, COUNT@1244696236]
SAT= PARTIAL
Requirement_1:SOL_6	
	FUNCTION_ID=280339965	[LOG_TRAFFIC@280339965]
	FUNCTION_ID=1362269388	[DENY_TRAFFIC@1362269388, COUNT@1362269388]
SAT= COMPLETE
Requirement_1:SOL_7	
	FUNCTION_ID=280339965	[LOG_TRAFFIC@280339965]
	FUNCTION_ID=1244696236	[DENY_TRAFFIC@1244696236, COUNT@1244696236]
SAT= COMPLETE
Requirement_1:SOL_8	
	FUNCTION_ID=1244696236	[LOG_TRAFFIC@1244696236]
	FUNCTION_ID=1362269388	[DENY_TRAFFIC@1362269388, COUNT@1362269388]
SAT= PARTIAL
ALL REQUIREMENT HAS BEEN PROCESSED AND ARE TERMINATED IN = 88ms
************* TOOL ENABLED by tools.xml file *************
------------------------------------------------------------------------------------------------------------------------------------
Neo4jDB status=false
Marshall on file status=true
Output on file status=false
------------------------------------------------------------------------------------------------------------------------------------
> Unmarshall MANIFEST ended - Find =  5
------------------------------------------------------------------------------------------------------------------------------------
------------------------------------------------------------------------------------------------------------------------------------
Manifest NAME= VNF1
FIELD:
	URLS= null
	PORT_DST= null
	PORT_SRC= null
	PROTO= null
	TIME= null
	PRIORITY= null
	DOCUMENTS= null
	IP_SRC_VER_4= null
	IP_DST_VER_4= null
	SCRIPTS= null
	BANDWITH= null
	DAY= null
	BODY= null
	VLAN_TAG= null
ACTION:
	LOG_TRAFFIC
	DENY_TRAFFIC
	ALLOW_TRAFFIC
	COUNT
	ALERT
------------------------------------------------------------------------------------------------------------------------------------
Manifest NAME= VNF2
FIELD:
	URLS= null
	PORT_DST= null
	PORT_SRC= null
	PROTO= null
	TIME= null
	PRIORITY= null
	DOCUMENTS= null
	IP_SRC_VER_4= null
	IP_DST_VER_4= null
	SCRIPTS= null
	BANDWITH= null
	DAY= null
	BODY= null
	VLAN_TAG= null
ACTION:
	LOG_TRAFFIC
	DENY_TRAFFIC
	ALLOW_TRAFFIC
	COUNT
	ALERT
------------------------------------------------------------------------------------------------------------------------------------
Manifest NAME= VNF3
FIELD:
	URLS= null
	PORT_DST= null
	PORT_SRC= null
	PROTO= null
	TIME= null
	PRIORITY= null
	DOCUMENTS= [PDF]
	IP_SRC_VER_4= null
	IP_DST_VER_4= null
	SCRIPTS= null
	BANDWITH= null
	DAY= null
	BODY= null
	VLAN_TAG= null
ACTION:
	LOG_TRAFFIC
	DENY_TRAFFIC
	ALLOW_TRAFFIC
	COUNT
	ALERT
------------------------------------------------------------------------------------------------------------------------------------
Manifest NAME= VNF4
FIELD:
	PORT_SRC= null
	PROTO= [UDP]
	IP_SRC_VER_4= null
ACTION:
	PROTECT_INTEGRITY
	AUTHN_TRAFFIC:DSA
	AUTHN_TRAFFIC:ECDSA
	PROTECT_CONFIDENTIALITY
	NAT_TRAFFIC
	ENCRYPT_TRAFFIC
	AUTHN_TRAFFIC
------------------------------------------------------------------------------------------------------------------------------------
Manifest NAME= VNF5
FIELD:
	IP_DST_VER_4= null
	PORT_DST= null
	PORT_SRC= null
	PROTO= null
	IP_SRC_VER_4= null
ACTION:
	DENY_TRAFFIC
> Unmarshall REQUIREMENTS ended in :120ms Element: 1
------------------------------------------------------------------------------------------------------------------------------------
------------------------------------------------------------------------------------------------------------------------------------
	 REQUIREMENT = 1
------------------------------------------------------------------------------------------------------------------------------------
FIELD = URLS	VALUE = [http://example.com/provapage.html]
FIELD = PORT_DST	VALUE = [100-10500]
FIELD = PROTO	VALUE = [TCP]
FIELD = TIME	VALUE = [Sunday;00:10:33;12:15:22, Monday;01:10:33;12:15:22]
FIELD = DAY	VALUE = [Monday, Friday, Sunday]
FIELD = DOCUMENTS	VALUE = [DOCX, PDF]
FIELD = IP_SRC_VER_4	VALUE = [10.0.3.21/24]
------------------------------------------------------------------------------------------------------------------------------------
Order Position = 1	LOG_TRAFFIC
Order Position = 2	DENY_TRAFFIC
Order Position = 2	COUNT
------------------------------------------------------------------------------------------------------------------------------------
ID= 987441997	Fields= {URLS=[http://example.com/provapage.html], PORT_DST=[100-10500], PROTO=[TCP], TIME=[Sunday;00:10:33;12:15:22, Monday;01:10:33;12:15:22], DAY=[Monday, Friday, Sunday], DOCUMENTS=[DOCX, PDF], IP_SRC_VER_4=[10.0.3.21/24]}	Action= [LOG_TRAFFIC, DENY_TRAFFIC, COUNT]	VNFS= [VNF2]
ID= 1317431655	Fields= {URLS=[http://example.com/provapage.html], PORT_DST=[100-10500], PROTO=[TCP], TIME=[Sunday;00:10:33;12:15:22, Monday;01:10:33;12:15:22], DAY=[Monday, Friday, Sunday], DOCUMENTS=[PDF], IP_SRC_VER_4=[10.0.3.21/24]}	Action= [LOG_TRAFFIC, DENY_TRAFFIC, COUNT]	VNFS= [VNF3]
ID= 374311414	Fields= {URLS=[NOT_CONF_MAKE_DEC], PORT_DST=[100-10500], PROTO=[TCP], TIME=[Sunday;00:10:33;12:15:22, Monday;01:10:33;12:15:22], DAY=[Monday, Friday, Sunday], DOCUMENTS=[NOT_CONF_MAKE_DEC], IP_SRC_VER_4=[10.0.3.21/24]}	Action= [LOG_TRAFFIC, DENY_TRAFFIC, COUNT]	VNFS= [VNF1]
------------------------------------------------------------------------------------------------------------------------------------
Finding chaining = 7ms
Requirement_1:SOL_0	
	FUNCTION_ID=374311414	[LOG_TRAFFIC@374311414, DENY_TRAFFIC@374311414, COUNT@374311414]
SAT= PARTIAL
Requirement_1:SOL_1	
	FUNCTION_ID=987441997	[LOG_TRAFFIC@987441997, DENY_TRAFFIC@987441997, COUNT@987441997]
SAT= COMPLETE
Requirement_1:SOL_2	
	FUNCTION_ID=1317431655	[LOG_TRAFFIC@1317431655]
	FUNCTION_ID=987441997	[DENY_TRAFFIC@987441997, COUNT@987441997]
SAT= COMPLETE
Requirement_1:SOL_3	
	FUNCTION_ID=1317431655	[LOG_TRAFFIC@1317431655, DENY_TRAFFIC@1317431655, COUNT@1317431655]
SAT= PARTIAL
Requirement_1:SOL_4	
	FUNCTION_ID=374311414	[LOG_TRAFFIC@374311414]
	FUNCTION_ID=987441997	[DENY_TRAFFIC@987441997, COUNT@987441997]
SAT= COMPLETE
Requirement_1:SOL_5	
	FUNCTION_ID=1317431655	[LOG_TRAFFIC@1317431655]
	FUNCTION_ID=374311414	[DENY_TRAFFIC@374311414, COUNT@374311414]
SAT= PARTIAL
Requirement_1:SOL_6	
	FUNCTION_ID=987441997	[LOG_TRAFFIC@987441997]
	FUNCTION_ID=1317431655	[DENY_TRAFFIC@1317431655, COUNT@1317431655]
SAT= COMPLETE
Requirement_1:SOL_7	
	FUNCTION_ID=987441997	[LOG_TRAFFIC@987441997]
	FUNCTION_ID=374311414	[DENY_TRAFFIC@374311414, COUNT@374311414]
SAT= COMPLETE
Requirement_1:SOL_8	
	FUNCTION_ID=374311414	[LOG_TRAFFIC@374311414]
	FUNCTION_ID=1317431655	[DENY_TRAFFIC@1317431655, COUNT@1317431655]
SAT= PARTIAL
ALL REQUIREMENT HAS BEEN PROCESSED AND ARE TERMINATED IN = 86ms
************* TOOL ENABLED by tools.xml file *************
------------------------------------------------------------------------------------------------------------------------------------
Neo4jDB status=false
Marshall on file status=true
Output on file status=false
------------------------------------------------------------------------------------------------------------------------------------
> Unmarshall MANIFEST ended - Find =  6
------------------------------------------------------------------------------------------------------------------------------------
------------------------------------------------------------------------------------------------------------------------------------
Manifest NAME= VNF6
FIELD:
	IP_DST_VER_4= null
	PORT_DST= null
	PORT_SRC= null
	PROTO= null
	IP_SRC_VER_6= null
	IP_DST_VER_6= null
	IP_SRC_VER_4= null
ACTION:
	REMARK_PACKET
	LOG_TRAFFIC
	STORE_PACKET
	FORWARD_TRAFFIC
------------------------------------------------------------------------------------------------------------------------------------
Manifest NAME= VNF1
FIELD:
	URLS= null
	PORT_DST= null
	PORT_SRC= null
	PROTO= null
	TIME= null
	PRIORITY= null
	DOCUMENTS= null
	IP_SRC_VER_4= null
	IP_DST_VER_4= null
	SCRIPTS= null
	BANDWITH= null
	DAY= null
	BODY= null
	VLAN_TAG= null
ACTION:
	LOG_TRAFFIC
	DENY_TRAFFIC
	ALLOW_TRAFFIC
	COUNT
	ALERT
------------------------------------------------------------------------------------------------------------------------------------
Manifest NAME= VNF2
FIELD:
	URLS= null
	PORT_DST= null
	PORT_SRC= null
	PROTO= null
	TIME= null
	PRIORITY= null
	DOCUMENTS= null
	IP_SRC_VER_4= null
	IP_DST_VER_4= null
	SCRIPTS= null
	BANDWITH= null
	DAY= null
	BODY= null
	VLAN_TAG= null
ACTION:
	LOG_TRAFFIC
	DENY_TRAFFIC
	ALLOW_TRAFFIC
	COUNT
	ALERT
------------------------------------------------------------------------------------------------------------------------------------
Manifest NAME= VNF3
FIELD:
	URLS= null
	PORT_DST= null
	PORT_SRC= null
	PROTO= null
	TIME= null
	PRIORITY= null
	DOCUMENTS= [PDF]
	IP_SRC_VER_4= null
	IP_DST_VER_4= null
	SCRIPTS= null
	BANDWITH= null
	DAY= null
	BODY= null
	VLAN_TAG= null
ACTION:
	LOG_TRAFFIC
	DENY_TRAFFIC
	ALLOW_TRAFFIC
	COUNT
	ALERT
------------------------------------------------------------------------------------------------------------------------------------
Manifest NAME= VNF4
FIELD:
	PORT_SRC= null
	PROTO= [UDP]
	IP_SRC_VER_4= null
ACTION:
	PROTECT_INTEGRITY
	AUTHN_TRAFFIC:DSA
	AUTHN_TRAFFIC:ECDSA
	PROTECT_CONFIDENTIALITY
	NAT_TRAFFIC
	ENCRYPT_TRAFFIC
	AUTHN_TRAFFIC
------------------------------------------------------------------------------------------------------------------------------------
Manifest NAME= VNF5
FIELD:
	IP_DST_VER_4= null
	PORT_DST= null
	PORT_SRC= null
	PROTO= null
	IP_SRC_VER_4= null
ACTION:
	DENY_TRAFFIC
> Unmarshall REQUIREMENTS ended in :122ms Element: 1
------------------------------------------------------------------------------------------------------------------------------------
------------------------------------------------------------------------------------------------------------------------------------
	 REQUIREMENT = 1
------------------------------------------------------------------------------------------------------------------------------------
FIELD = URLS	VALUE = [http://example.com/provapage.html]
FIELD = PORT_DST	VALUE = [100-10500]
FIELD = PROTO	VALUE = [TCP]
FIELD = TIME	VALUE = [Sunday;00:10:33;12:15:22, Monday;01:10:33;12:15:22]
FIELD = DAY	VALUE = [Monday, Friday, Sunday]
FIELD = DOCUMENTS	VALUE = [DOCX, PDF]
FIELD = IP_SRC_VER_4	VALUE = [10.0.3.21/24]
------------------------------------------------------------------------------------------------------------------------------------
Order Position = 1	LOG_TRAFFIC
Order Position = 2	DENY_TRAFFIC
Order Position = 2	COUNT
------------------------------------------------------------------------------------------------------------------------------------
ID= 2072384767	Fields= {URLS=[http://example.com/provapage.html], PORT_DST=[100-10500], PROTO=[TCP], TIME=[Sunday;00:10:33;12:15:22, Monday;01:10:33;12:15:22], DAY=[Monday, Friday, Sunday], DOCUMENTS=[DOCX, PDF], IP_SRC_VER_4=[10.0.3.21/24]}	Action= [LOG_TRAFFIC, DENY_TRAFFIC, COUNT]	VNFS= [VNF2]
ID= 1439967596	Fields= {URLS=[http://example.com/provapage.html], PORT_DST=[100-10500], PROTO=[TCP], TIME=[Sunday;00:10:33;12:15:22, Monday;01:10:33;12:15:22], DAY=[Monday, Friday, Sunday], DOCUMENTS=[PDF], IP_SRC_VER_4=[10.0.3.21/24]}	Action= [LOG_TRAFFIC, DENY_TRAFFIC, COUNT]	VNFS= [VNF3]
ID= 1528024190	Fields= {PORT_DST=[100-10500], PROTO=[TCP], IP_SRC_VER_4=[10.0.3.21/24]}	Action= [LOG_TRAFFIC]	VNFS= [VNF6]
ID= 780952844	Fields= {URLS=[NOT_CONF_MAKE_DEC], PORT_DST=[100-10500], PROTO=[TCP], TIME=[Sunday;00:10:33;12:15:22, Monday;01:10:33;12:15:22], DAY=[Monday, Friday, Sunday], DOCUMENTS=[NOT_CONF_MAKE_DEC], IP_SRC_VER_4=[10.0.3.21/24]}	Action= [LOG_TRAFFIC, DENY_TRAFFIC, COUNT]	VNFS= [VNF1]
------------------------------------------------------------------------------------------------------------------------------------
Finding chaining = 12ms
Requirement_1:SOL_0	
	FUNCTION_ID=780952844	[LOG_TRAFFIC@780952844, DENY_TRAFFIC@780952844, COUNT@780952844]
SAT= PARTIAL
Requirement_1:SOL_1	
	FUNCTION_ID=2072384767	[LOG_TRAFFIC@2072384767, DENY_TRAFFIC@2072384767, COUNT@2072384767]
SAT= COMPLETE
Requirement_1:SOL_10	
	FUNCTION_ID=1528024190	[LOG_TRAFFIC@1528024190]
	FUNCTION_ID=1439967596	[DENY_TRAFFIC@1439967596, COUNT@1439967596]
SAT= PARTIAL
Requirement_1:SOL_11	
	FUNCTION_ID=1528024190	[LOG_TRAFFIC@1528024190]
	FUNCTION_ID=780952844	[DENY_TRAFFIC@780952844, COUNT@780952844]
SAT= PARTIAL
Requirement_1:SOL_2	
	FUNCTION_ID=1439967596	[LOG_TRAFFIC@1439967596]
	FUNCTION_ID=2072384767	[DENY_TRAFFIC@2072384767, COUNT@2072384767]
SAT= COMPLETE
Requirement_1:SOL_3	
	FUNCTION_ID=1439967596	[LOG_TRAFFIC@1439967596, DENY_TRAFFIC@1439967596, COUNT@1439967596]
SAT= PARTIAL
Requirement_1:SOL_4	
	FUNCTION_ID=1528024190	[LOG_TRAFFIC@1528024190]
	FUNCTION_ID=2072384767	[DENY_TRAFFIC@2072384767, COUNT@2072384767]
SAT= COMPLETE
Requirement_1:SOL_5	
	FUNCTION_ID=1439967596	[LOG_TRAFFIC@1439967596]
	FUNCTION_ID=780952844	[DENY_TRAFFIC@780952844, COUNT@780952844]
SAT= PARTIAL
Requirement_1:SOL_6	
	FUNCTION_ID=2072384767	[LOG_TRAFFIC@2072384767]
	FUNCTION_ID=1439967596	[DENY_TRAFFIC@1439967596, COUNT@1439967596]
SAT= COMPLETE
Requirement_1:SOL_7	
	FUNCTION_ID=2072384767	[LOG_TRAFFIC@2072384767]
	FUNCTION_ID=780952844	[DENY_TRAFFIC@780952844, COUNT@780952844]
SAT= COMPLETE
Requirement_1:SOL_8	
	FUNCTION_ID=780952844	[LOG_TRAFFIC@780952844]
	FUNCTION_ID=2072384767	[DENY_TRAFFIC@2072384767, COUNT@2072384767]
SAT= COMPLETE
Requirement_1:SOL_9	
	FUNCTION_ID=780952844	[LOG_TRAFFIC@780952844]
	FUNCTION_ID=1439967596	[DENY_TRAFFIC@1439967596, COUNT@1439967596]
SAT= PARTIAL
ALL REQUIREMENT HAS BEEN PROCESSED AND ARE TERMINATED IN = 55ms
************* TOOL ENABLED by tools.xml file *************
------------------------------------------------------------------------------------------------------------------------------------
Neo4jDB status=false
Marshall on file status=true
Output on file status=false
------------------------------------------------------------------------------------------------------------------------------------
> Unmarshall MANIFEST ended - Find =  7
------------------------------------------------------------------------------------------------------------------------------------
------------------------------------------------------------------------------------------------------------------------------------
Manifest NAME= VNF6
FIELD:
	IP_DST_VER_4= null
	PORT_DST= null
	PORT_SRC= null
	PROTO= null
	IP_SRC_VER_6= null
	IP_DST_VER_6= null
	IP_SRC_VER_4= null
ACTION:
	REMARK_PACKET
	LOG_TRAFFIC
	STORE_PACKET
	FORWARD_TRAFFIC
------------------------------------------------------------------------------------------------------------------------------------
Manifest NAME= VNF7
FIELD:
	IP_DST_VER_4= null
	PORT_DST= null
	PORT_SRC= null
	PROTO= null
	IP_SRC_VER_4= null
ACTION:
	DENY_TRAFFIC
	ALLOW_TRAFFIC
	COUNT
	ALERT
------------------------------------------------------------------------------------------------------------------------------------
Manifest NAME= VNF1
FIELD:
	URLS= null
	PORT_DST= null
	PORT_SRC= null
	PROTO= null
	TIME= null
	PRIORITY= null
	DOCUMENTS= null
	IP_SRC_VER_4= null
	IP_DST_VER_4= null
	SCRIPTS= null
	BANDWITH= null
	DAY= null
	BODY= null
	VLAN_TAG= null
ACTION:
	LOG_TRAFFIC
	DENY_TRAFFIC
	ALLOW_TRAFFIC
	COUNT
	ALERT
------------------------------------------------------------------------------------------------------------------------------------
Manifest NAME= VNF2
FIELD:
	URLS= null
	PORT_DST= null
	PORT_SRC= null
	PROTO= null
	TIME= null
	PRIORITY= null
	DOCUMENTS= null
	IP_SRC_VER_4= null
	IP_DST_VER_4= null
	SCRIPTS= null
	BANDWITH= null
	DAY= null
	BODY= null
	VLAN_TAG= null
ACTION:
	LOG_TRAFFIC
	DENY_TRAFFIC
	ALLOW_TRAFFIC
	COUNT
	ALERT
------------------------------------------------------------------------------------------------------------------------------------
Manifest NAME= VNF3
FIELD:
	URLS= null
	PORT_DST= null
	PORT_SRC= null
	PROTO= null
	TIME= null
	PRIORITY= null
	DOCUMENTS= [PDF]
	IP_SRC_VER_4= null
	IP_DST_VER_4= null
	SCRIPTS= null
	BANDWITH= null
	DAY= null
	BODY= null
	VLAN_TAG= null
ACTION:
	LOG_TRAFFIC
	DENY_TRAFFIC
	ALLOW_TRAFFIC
	COUNT
	ALERT
------------------------------------------------------------------------------------------------------------------------------------
Manifest NAME= VNF4
FIELD:
	PORT_SRC= null
	PROTO= [UDP]
	IP_SRC_VER_4= null
ACTION:
	PROTECT_INTEGRITY
	AUTHN_TRAFFIC:DSA
	AUTHN_TRAFFIC:ECDSA
	PROTECT_CONFIDENTIALITY
	NAT_TRAFFIC
	ENCRYPT_TRAFFIC
	AUTHN_TRAFFIC
------------------------------------------------------------------------------------------------------------------------------------
Manifest NAME= VNF5
FIELD:
	IP_DST_VER_4= null
	PORT_DST= null
	PORT_SRC= null
	PROTO= null
	IP_SRC_VER_4= null
ACTION:
	DENY_TRAFFIC
> Unmarshall REQUIREMENTS ended in :107ms Element: 1
------------------------------------------------------------------------------------------------------------------------------------
------------------------------------------------------------------------------------------------------------------------------------
	 REQUIREMENT = 1
------------------------------------------------------------------------------------------------------------------------------------
FIELD = URLS	VALUE = [http://example.com/provapage.html]
FIELD = PORT_DST	VALUE = [100-10500]
FIELD = PROTO	VALUE = [TCP]
FIELD = TIME	VALUE = [Sunday;00:10:33;12:15:22, Monday;01:10:33;12:15:22]
FIELD = DAY	VALUE = [Monday, Friday, Sunday]
FIELD = DOCUMENTS	VALUE = [DOCX, PDF]
FIELD = IP_SRC_VER_4	VALUE = [10.0.3.21/24]
------------------------------------------------------------------------------------------------------------------------------------
Order Position = 1	LOG_TRAFFIC
Order Position = 2	DENY_TRAFFIC
Order Position = 2	COUNT
------------------------------------------------------------------------------------------------------------------------------------
ID= 1047329126	Fields= {URLS=[http://example.com/provapage.html], PORT_DST=[100-10500], PROTO=[TCP], TIME=[Sunday;00:10:33;12:15:22, Monday;01:10:33;12:15:22], DAY=[Monday, Friday, Sunday], DOCUMENTS=[DOCX, PDF], IP_SRC_VER_4=[10.0.3.21/24]}	Action= [LOG_TRAFFIC, DENY_TRAFFIC, COUNT]	VNFS= [VNF2]
ID= 978549363	Fields= {URLS=[http://example.com/provapage.html], PORT_DST=[100-10500], PROTO=[TCP], TIME=[Sunday;00:10:33;12:15:22, Monday;01:10:33;12:15:22], DAY=[Monday, Friday, Sunday], DOCUMENTS=[PDF], IP_SRC_VER_4=[10.0.3.21/24]}	Action= [LOG_TRAFFIC, DENY_TRAFFIC, COUNT]	VNFS= [VNF3]
ID= 445479165	Fields= {PORT_DST=[100-10500], PROTO=[TCP], IP_SRC_VER_4=[10.0.3.21/24]}	Action= [DENY_TRAFFIC, COUNT]	VNFS= [VNF7]
ID= 816517379	Fields= {PORT_DST=[100-10500], PROTO=[TCP], IP_SRC_VER_4=[10.0.3.21/24]}	Action= [LOG_TRAFFIC]	VNFS= [VNF6]
ID= 492996071	Fields= {URLS=[NOT_CONF_MAKE_DEC], PORT_DST=[100-10500], PROTO=[TCP], TIME=[Sunday;00:10:33;12:15:22, Monday;01:10:33;12:15:22], DAY=[Monday, Friday, Sunday], DOCUMENTS=[NOT_CONF_MAKE_DEC], IP_SRC_VER_4=[10.0.3.21/24]}	Action= [LOG_TRAFFIC, DENY_TRAFFIC, COUNT]	VNFS= [VNF1]
------------------------------------------------------------------------------------------------------------------------------------
Finding chaining = 2ms
Requirement_1:SOL_0	
	FUNCTION_ID=492996071	[LOG_TRAFFIC@492996071, DENY_TRAFFIC@492996071, COUNT@492996071]
SAT= PARTIAL
Requirement_1:SOL_1	
	FUNCTION_ID=1047329126	[LOG_TRAFFIC@1047329126, DENY_TRAFFIC@1047329126, COUNT@1047329126]
SAT= COMPLETE
Requirement_1:SOL_10	
	FUNCTION_ID=492996071	[LOG_TRAFFIC@492996071]
	FUNCTION_ID=1047329126	[DENY_TRAFFIC@1047329126, COUNT@1047329126]
SAT= COMPLETE
Requirement_1:SOL_11	
	FUNCTION_ID=492996071	[LOG_TRAFFIC@492996071]
	FUNCTION_ID=978549363	[DENY_TRAFFIC@978549363, COUNT@978549363]
SAT= PARTIAL
Requirement_1:SOL_12	
	FUNCTION_ID=492996071	[LOG_TRAFFIC@492996071]
	FUNCTION_ID=445479165	[DENY_TRAFFIC@445479165, COUNT@445479165]
SAT= PARTIAL
Requirement_1:SOL_13	
	FUNCTION_ID=816517379	[LOG_TRAFFIC@816517379]
	FUNCTION_ID=978549363	[DENY_TRAFFIC@978549363, COUNT@978549363]
SAT= PARTIAL
Requirement_1:SOL_14	
	FUNCTION_ID=816517379	[LOG_TRAFFIC@816517379]
	FUNCTION_ID=445479165	[DENY_TRAFFIC@445479165, COUNT@445479165]
SAT= PARTIAL
Requirement_1:SOL_15	
	FUNCTION_ID=816517379	[LOG_TRAFFIC@816517379]
	FUNCTION_ID=492996071	[DENY_TRAFFIC@492996071, COUNT@492996071]
SAT= PARTIAL
Requirement_1:SOL_2	
	FUNCTION_ID=978549363	[LOG_TRAFFIC@978549363]
	FUNCTION_ID=1047329126	[DENY_TRAFFIC@1047329126, COUNT@1047329126]
SAT= COMPLETE
Requirement_1:SOL_3	
	FUNCTION_ID=978549363	[LOG_TRAFFIC@978549363, DENY_TRAFFIC@978549363, COUNT@978549363]
SAT= PARTIAL
Requirement_1:SOL_4	
	FUNCTION_ID=816517379	[LOG_TRAFFIC@816517379]
	FUNCTION_ID=1047329126	[DENY_TRAFFIC@1047329126, COUNT@1047329126]
SAT= COMPLETE
Requirement_1:SOL_5	
	FUNCTION_ID=978549363	[LOG_TRAFFIC@978549363]
	FUNCTION_ID=445479165	[DENY_TRAFFIC@445479165, COUNT@445479165]
SAT= PARTIAL
Requirement_1:SOL_6	
	FUNCTION_ID=978549363	[LOG_TRAFFIC@978549363]
	FUNCTION_ID=492996071	[DENY_TRAFFIC@492996071, COUNT@492996071]
SAT= PARTIAL
Requirement_1:SOL_7	
	FUNCTION_ID=1047329126	[LOG_TRAFFIC@1047329126]
	FUNCTION_ID=978549363	[DENY_TRAFFIC@978549363, COUNT@978549363]
SAT= COMPLETE
Requirement_1:SOL_8	
	FUNCTION_ID=1047329126	[LOG_TRAFFIC@1047329126]
	FUNCTION_ID=492996071	[DENY_TRAFFIC@492996071, COUNT@492996071]
SAT= COMPLETE
Requirement_1:SOL_9	
	FUNCTION_ID=1047329126	[LOG_TRAFFIC@1047329126]
	FUNCTION_ID=445479165	[DENY_TRAFFIC@445479165, COUNT@445479165]
SAT= COMPLETE
ALL REQUIREMENT HAS BEEN PROCESSED AND ARE TERMINATED IN = 51ms
************* TOOL ENABLED by tools.xml file *************
------------------------------------------------------------------------------------------------------------------------------------
Neo4jDB status=false
Marshall on file status=true
Output on file status=false
------------------------------------------------------------------------------------------------------------------------------------
> Unmarshall MANIFEST ended - Find =  8
------------------------------------------------------------------------------------------------------------------------------------
------------------------------------------------------------------------------------------------------------------------------------
Manifest NAME= VNF6
FIELD:
	IP_DST_VER_4= null
	PORT_DST= null
	PORT_SRC= null
	PROTO= null
	DISPLACE= null
	IP_SRC_VER_6= null
	IP_DST_VER_6= null
	IP_SRC_VER_4= null
ACTION:
	REMARK_PACKET
	LOG_TRAFFIC
	STORE_PACKET
	FORWARD_TRAFFIC
------------------------------------------------------------------------------------------------------------------------------------
Manifest NAME= VNF7
FIELD:
	IP_DST_VER_4= null
	PORT_DST= null
	PORT_SRC= null
	PROTO= null
	IP_SRC_VER_4= null
ACTION:
	DENY_TRAFFIC
	ALLOW_TRAFFIC
	COUNT
	ALERT
------------------------------------------------------------------------------------------------------------------------------------
Manifest NAME= VNF8
FIELD:
	IP_DST_VER_4= null
	PROTO= null
	GEO_POSITION= null
	PRIORITY= null
	IP_SRC_VER_6= null
	IP_DST_VER_6= null
	IP_SRC_VER_4= null
ACTION:
	LOG_TRAFFIC
------------------------------------------------------------------------------------------------------------------------------------
Manifest NAME= VNF1
FIELD:
	URLS= null
	PORT_DST= null
	PORT_SRC= null
	PROTO= null
	TIME= null
	PRIORITY= null
	DOCUMENTS= null
	IP_SRC_VER_4= null
	IP_DST_VER_4= null
	SCRIPTS= null
	BANDWITH= null
	DAY= null
	BODY= null
	VLAN_TAG= null
ACTION:
	LOG_TRAFFIC
	DENY_TRAFFIC
	ALLOW_TRAFFIC
	COUNT
	ALERT
------------------------------------------------------------------------------------------------------------------------------------
Manifest NAME= VNF2
FIELD:
	URLS= null
	PORT_DST= null
	PORT_SRC= null
	PROTO= null
	TIME= null
	PRIORITY= null
	DOCUMENTS= null
	IP_SRC_VER_4= null
	IP_DST_VER_4= null
	SCRIPTS= null
	BANDWITH= null
	DAY= null
	BODY= null
	VLAN_TAG= null
ACTION:
	LOG_TRAFFIC
	DENY_TRAFFIC
	ALLOW_TRAFFIC
	COUNT
	ALERT
------------------------------------------------------------------------------------------------------------------------------------
Manifest NAME= VNF3
FIELD:
	URLS= null
	PORT_DST= null
	PORT_SRC= null
	PROTO= null
	TIME= null
	PRIORITY= null
	DOCUMENTS= [PDF]
	IP_SRC_VER_4= null
	IP_DST_VER_4= null
	SCRIPTS= null
	BANDWITH= null
	DAY= null
	BODY= null
	VLAN_TAG= null
ACTION:
	LOG_TRAFFIC
	DENY_TRAFFIC
	ALLOW_TRAFFIC
	COUNT
	ALERT
------------------------------------------------------------------------------------------------------------------------------------
Manifest NAME= VNF4
FIELD:
	PORT_SRC= null
	PROTO= [UDP]
	IP_SRC_VER_4= null
ACTION:
	PROTECT_INTEGRITY
	AUTHN_TRAFFIC:DSA
	AUTHN_TRAFFIC:ECDSA
	PROTECT_CONFIDENTIALITY
	NAT_TRAFFIC
	ENCRYPT_TRAFFIC
	AUTHN_TRAFFIC
------------------------------------------------------------------------------------------------------------------------------------
Manifest NAME= VNF5
FIELD:
	IP_DST_VER_4= null
	PORT_DST= null
	PORT_SRC= null
	PROTO= null
	IP_SRC_VER_4= null
ACTION:
	DENY_TRAFFIC
> Unmarshall REQUIREMENTS ended in :102ms Element: 1
------------------------------------------------------------------------------------------------------------------------------------
------------------------------------------------------------------------------------------------------------------------------------
	 REQUIREMENT = 1
------------------------------------------------------------------------------------------------------------------------------------
FIELD = URLS	VALUE = [http://example.com/provapage.html]
FIELD = PORT_DST	VALUE = [100-10500]
FIELD = PROTO	VALUE = [TCP]
FIELD = TIME	VALUE = [Sunday;00:10:33;12:15:22, Monday;01:10:33;12:15:22]
FIELD = DAY	VALUE = [Monday, Friday, Sunday]
FIELD = DOCUMENTS	VALUE = [DOCX, PDF]
FIELD = IP_SRC_VER_4	VALUE = [10.0.3.21/24]
------------------------------------------------------------------------------------------------------------------------------------
Order Position = 1	LOG_TRAFFIC
Order Position = 2	DENY_TRAFFIC
Order Position = 2	COUNT
------------------------------------------------------------------------------------------------------------------------------------
ID= 1518884077	Fields= {URLS=[http://example.com/provapage.html], PORT_DST=[100-10500], PROTO=[TCP], TIME=[Sunday;00:10:33;12:15:22, Monday;01:10:33;12:15:22], DAY=[Monday, Friday, Sunday], DOCUMENTS=[DOCX, PDF], IP_SRC_VER_4=[10.0.3.21/24]}	Action= [LOG_TRAFFIC, DENY_TRAFFIC, COUNT]	VNFS= [VNF2]
ID= 529187288	Fields= {URLS=[http://example.com/provapage.html], PORT_DST=[100-10500], PROTO=[TCP], TIME=[Sunday;00:10:33;12:15:22, Monday;01:10:33;12:15:22], DAY=[Monday, Friday, Sunday], DOCUMENTS=[PDF], IP_SRC_VER_4=[10.0.3.21/24]}	Action= [LOG_TRAFFIC, DENY_TRAFFIC, COUNT]	VNFS= [VNF3]
ID= 693405453	Fields= {PORT_DST=[100-10500], PROTO=[TCP], IP_SRC_VER_4=[10.0.3.21/24]}	Action= [DENY_TRAFFIC, COUNT]	VNFS= [VNF7]
ID= 2040686948	Fields= {PROTO=[TCP], IP_SRC_VER_4=[10.0.3.21/24]}	Action= [LOG_TRAFFIC]	VNFS= [VNF8]
ID= 1349533597	Fields= {PORT_DST=[100-10500], PROTO=[TCP], IP_SRC_VER_4=[10.0.3.21/24]}	Action= [LOG_TRAFFIC]	VNFS= [VNF6]
ID= 1589103587	Fields= {URLS=[NOT_CONF_MAKE_DEC], PORT_DST=[100-10500], PROTO=[TCP], TIME=[Sunday;00:10:33;12:15:22, Monday;01:10:33;12:15:22], DAY=[Monday, Friday, Sunday], DOCUMENTS=[NOT_CONF_MAKE_DEC], IP_SRC_VER_4=[10.0.3.21/24]}	Action= [LOG_TRAFFIC, DENY_TRAFFIC, COUNT]	VNFS= [VNF1]
------------------------------------------------------------------------------------------------------------------------------------
Finding chaining = 34ms
Requirement_1:SOL_0	
	FUNCTION_ID=1589103587	[LOG_TRAFFIC@1589103587, DENY_TRAFFIC@1589103587, COUNT@1589103587]
SAT= PARTIAL
Requirement_1:SOL_1	
	FUNCTION_ID=1518884077	[LOG_TRAFFIC@1518884077, DENY_TRAFFIC@1518884077, COUNT@1518884077]
SAT= COMPLETE
Requirement_1:SOL_10	
	FUNCTION_ID=1349533597	[LOG_TRAFFIC@1349533597]
	FUNCTION_ID=1518884077	[DENY_TRAFFIC@1518884077, COUNT@1518884077]
SAT= COMPLETE
Requirement_1:SOL_11	
	FUNCTION_ID=1589103587	[LOG_TRAFFIC@1589103587]
	FUNCTION_ID=1518884077	[DENY_TRAFFIC@1518884077, COUNT@1518884077]
SAT= COMPLETE
Requirement_1:SOL_12	
	FUNCTION_ID=1349533597	[LOG_TRAFFIC@1349533597]
	FUNCTION_ID=529187288	[DENY_TRAFFIC@529187288, COUNT@529187288]
SAT= PARTIAL
Requirement_1:SOL_13	
	FUNCTION_ID=1589103587	[LOG_TRAFFIC@1589103587]
	FUNCTION_ID=529187288	[DENY_TRAFFIC@529187288, COUNT@529187288]
SAT= PARTIAL
Requirement_1:SOL_14	
	FUNCTION_ID=1589103587	[LOG_TRAFFIC@1589103587]
	FUNCTION_ID=693405453	[DENY_TRAFFIC@693405453, COUNT@693405453]
SAT= PARTIAL
Requirement_1:SOL_15	
	FUNCTION_ID=1349533597	[LOG_TRAFFIC@1349533597]
	FUNCTION_ID=693405453	[DENY_TRAFFIC@693405453, COUNT@693405453]
SAT= PARTIAL
Requirement_1:SOL_16	
	FUNCTION_ID=2040686948	[LOG_TRAFFIC@2040686948]
	FUNCTION_ID=529187288	[DENY_TRAFFIC@529187288, COUNT@529187288]
SAT= PARTIAL
Requirement_1:SOL_17	
	FUNCTION_ID=2040686948	[LOG_TRAFFIC@2040686948]
	FUNCTION_ID=693405453	[DENY_TRAFFIC@693405453, COUNT@693405453]
SAT= PARTIAL
Requirement_1:SOL_18	
	FUNCTION_ID=2040686948	[LOG_TRAFFIC@2040686948]
	FUNCTION_ID=1589103587	[DENY_TRAFFIC@1589103587, COUNT@1589103587]
SAT= PARTIAL
Requirement_1:SOL_19	
	FUNCTION_ID=1349533597	[LOG_TRAFFIC@1349533597]
	FUNCTION_ID=1589103587	[DENY_TRAFFIC@1589103587, COUNT@1589103587]
SAT= PARTIAL
Requirement_1:SOL_2	
	FUNCTION_ID=529187288	[LOG_TRAFFIC@529187288]
	FUNCTION_ID=1518884077	[DENY_TRAFFIC@1518884077, COUNT@1518884077]
SAT= COMPLETE
Requirement_1:SOL_3	
	FUNCTION_ID=529187288	[LOG_TRAFFIC@529187288, DENY_TRAFFIC@529187288, COUNT@529187288]
SAT= PARTIAL
Requirement_1:SOL_4	
	FUNCTION_ID=2040686948	[LOG_TRAFFIC@2040686948]
	FUNCTION_ID=1518884077	[DENY_TRAFFIC@1518884077, COUNT@1518884077]
SAT= COMPLETE
Requirement_1:SOL_5	
	FUNCTION_ID=529187288	[LOG_TRAFFIC@529187288]
	FUNCTION_ID=693405453	[DENY_TRAFFIC@693405453, COUNT@693405453]
SAT= PARTIAL
Requirement_1:SOL_6	
	FUNCTION_ID=529187288	[LOG_TRAFFIC@529187288]
	FUNCTION_ID=1589103587	[DENY_TRAFFIC@1589103587, COUNT@1589103587]
SAT= PARTIAL
Requirement_1:SOL_7	
	FUNCTION_ID=1518884077	[LOG_TRAFFIC@1518884077]
	FUNCTION_ID=529187288	[DENY_TRAFFIC@529187288, COUNT@529187288]
SAT= COMPLETE
Requirement_1:SOL_8	
	FUNCTION_ID=1518884077	[LOG_TRAFFIC@1518884077]
	FUNCTION_ID=1589103587	[DENY_TRAFFIC@1589103587, COUNT@1589103587]
SAT= COMPLETE
Requirement_1:SOL_9	
	FUNCTION_ID=1518884077	[LOG_TRAFFIC@1518884077]
	FUNCTION_ID=693405453	[DENY_TRAFFIC@693405453, COUNT@693405453]
SAT= COMPLETE
ALL REQUIREMENT HAS BEEN PROCESSED AND ARE TERMINATED IN = 134ms
************* TOOL ENABLED by tools.xml file *************
------------------------------------------------------------------------------------------------------------------------------------
Neo4jDB status=false
Marshall on file status=true
Output on file status=false
------------------------------------------------------------------------------------------------------------------------------------
> Unmarshall MANIFEST ended - Find =  9
------------------------------------------------------------------------------------------------------------------------------------
------------------------------------------------------------------------------------------------------------------------------------
Manifest NAME= VNF6
FIELD:
	IP_DST_VER_4= null
	PORT_DST= null
	PORT_SRC= null
	PROTO= null
	IP_SRC_VER_6= null
	IP_DST_VER_6= null
	IP_SRC_VER_4= null
ACTION:
	REMARK_PACKET
	LOG_TRAFFIC
	STORE_PACKET
	FORWARD_TRAFFIC
------------------------------------------------------------------------------------------------------------------------------------
Manifest NAME= VNF7
FIELD:
	IP_DST_VER_4= null
	PORT_DST= null
	PORT_SRC= null
	PROTO= null
	IP_SRC_VER_4= null
ACTION:
	DENY_TRAFFIC
	ALLOW_TRAFFIC
	COUNT
	ALERT
------------------------------------------------------------------------------------------------------------------------------------
Manifest NAME= VNF8
FIELD:
	IP_DST_VER_4= null
	PROTO= null
	GEO_POSITION= null
	PRIORITY= null
	IP_SRC_VER_6= null
	IP_DST_VER_6= null
	IP_SRC_VER_4= null
ACTION:
	LOG_TRAFFIC
------------------------------------------------------------------------------------------------------------------------------------
Manifest NAME= VNF9
FIELD:
	PROTO= null
	IP_SRC_VER_6= null
	IP_SRC_VER_4= null
	VLAN_TAG= null
ACTION:
	REMARK_PACKET
	DENY_TRAFFIC
	COUNT
------------------------------------------------------------------------------------------------------------------------------------
Manifest NAME= VNF1
FIELD:
	URLS= null
	PORT_DST= null
	PORT_SRC= null
	PROTO= null
	TIME= null
	PRIORITY= null
	DOCUMENTS= null
	IP_SRC_VER_4= null
	IP_DST_VER_4= null
	SCRIPTS= null
	BANDWITH= null
	DAY= null
	BODY= null
	VLAN_TAG= null
ACTION:
	LOG_TRAFFIC
	DENY_TRAFFIC
	ALLOW_TRAFFIC
	COUNT
	ALERT
------------------------------------------------------------------------------------------------------------------------------------
Manifest NAME= VNF2
FIELD:
	URLS= null
	PORT_DST= null
	PORT_SRC= null
	PROTO= null
	TIME= null
	PRIORITY= null
	DOCUMENTS= null
	IP_SRC_VER_4= null
	IP_DST_VER_4= null
	SCRIPTS= null
	BANDWITH= null
	DAY= null
	BODY= null
	VLAN_TAG= null
ACTION:
	LOG_TRAFFIC
	DENY_TRAFFIC
	ALLOW_TRAFFIC
	COUNT
	ALERT
------------------------------------------------------------------------------------------------------------------------------------
Manifest NAME= VNF3
FIELD:
	URLS= null
	PORT_DST= null
	PORT_SRC= null
	PROTO= null
	TIME= null
	PRIORITY= null
	DOCUMENTS= [PDF]
	IP_SRC_VER_4= null
	IP_DST_VER_4= null
	SCRIPTS= null
	BANDWITH= null
	DAY= null
	BODY= null
	VLAN_TAG= null
ACTION:
	LOG_TRAFFIC
	DENY_TRAFFIC
	ALLOW_TRAFFIC
	COUNT
	ALERT
------------------------------------------------------------------------------------------------------------------------------------
Manifest NAME= VNF4
FIELD:
	PORT_SRC= null
	PROTO= [UDP]
	IP_SRC_VER_4= null
ACTION:
	PROTECT_INTEGRITY
	AUTHN_TRAFFIC:DSA
	AUTHN_TRAFFIC:ECDSA
	PROTECT_CONFIDENTIALITY
	NAT_TRAFFIC
	ENCRYPT_TRAFFIC
	AUTHN_TRAFFIC
------------------------------------------------------------------------------------------------------------------------------------
Manifest NAME= VNF5
FIELD:
	IP_DST_VER_4= null
	PORT_DST= null
	PORT_SRC= null
	PROTO= null
	IP_SRC_VER_4= null
ACTION:
	DENY_TRAFFIC
> Unmarshall REQUIREMENTS ended in :66ms Element: 1
------------------------------------------------------------------------------------------------------------------------------------
------------------------------------------------------------------------------------------------------------------------------------
	 REQUIREMENT = 1
------------------------------------------------------------------------------------------------------------------------------------
FIELD = URLS	VALUE = [http://example.com/provapage.html]
FIELD = PORT_DST	VALUE = [100-10500]
FIELD = PROTO	VALUE = [TCP]
FIELD = TIME	VALUE = [Sunday;00:10:33;12:15:22, Monday;01:10:33;12:15:22]
FIELD = DAY	VALUE = [Monday, Friday, Sunday]
FIELD = DOCUMENTS	VALUE = [DOCX, PDF]
FIELD = IP_SRC_VER_4	VALUE = [10.0.3.21/24]
------------------------------------------------------------------------------------------------------------------------------------
Order Position = 1	LOG_TRAFFIC
Order Position = 2	DENY_TRAFFIC
Order Position = 2	COUNT
------------------------------------------------------------------------------------------------------------------------------------
ID= 374426906	Fields= {PROTO=[TCP], IP_SRC_VER_4=[10.0.3.21/24]}	Action= [DENY_TRAFFIC, COUNT]	VNFS= [VNF9]
ID= 1466713889	Fields= {URLS=[http://example.com/provapage.html], PORT_DST=[100-10500], PROTO=[TCP], TIME=[Sunday;00:10:33;12:15:22, Monday;01:10:33;12:15:22], DAY=[Monday, Friday, Sunday], DOCUMENTS=[DOCX, PDF], IP_SRC_VER_4=[10.0.3.21/24]}	Action= [LOG_TRAFFIC, DENY_TRAFFIC, COUNT]	VNFS= [VNF2]
ID= 2060728516	Fields= {URLS=[http://example.com/provapage.html], PORT_DST=[100-10500], PROTO=[TCP], TIME=[Sunday;00:10:33;12:15:22, Monday;01:10:33;12:15:22], DAY=[Monday, Friday, Sunday], DOCUMENTS=[PDF], IP_SRC_VER_4=[10.0.3.21/24]}	Action= [LOG_TRAFFIC, DENY_TRAFFIC, COUNT]	VNFS= [VNF3]
ID= 1248253612	Fields= {PORT_DST=[100-10500], PROTO=[TCP], IP_SRC_VER_4=[10.0.3.21/24]}	Action= [DENY_TRAFFIC, COUNT]	VNFS= [VNF7]
ID= 69553338	Fields= {PROTO=[TCP], IP_SRC_VER_4=[10.0.3.21/24]}	Action= [LOG_TRAFFIC]	VNFS= [VNF8]
ID= 412528760	Fields= {PORT_DST=[100-10500], PROTO=[TCP], IP_SRC_VER_4=[10.0.3.21/24]}	Action= [LOG_TRAFFIC]	VNFS= [VNF6]
ID= 309254920	Fields= {URLS=[NOT_CONF_MAKE_DEC], PORT_DST=[100-10500], PROTO=[TCP], TIME=[Sunday;00:10:33;12:15:22, Monday;01:10:33;12:15:22], DAY=[Monday, Friday, Sunday], DOCUMENTS=[NOT_CONF_MAKE_DEC], IP_SRC_VER_4=[10.0.3.21/24]}	Action= [LOG_TRAFFIC, DENY_TRAFFIC, COUNT]	VNFS= [VNF1]
------------------------------------------------------------------------------------------------------------------------------------
Finding chaining = 22ms
Requirement_1:SOL_0	
	FUNCTION_ID=309254920	[LOG_TRAFFIC@309254920, DENY_TRAFFIC@309254920, COUNT@309254920]
SAT= PARTIAL
Requirement_1:SOL_1	
	FUNCTION_ID=1466713889	[LOG_TRAFFIC@1466713889]
	FUNCTION_ID=374426906	[DENY_TRAFFIC@374426906, COUNT@374426906]
SAT= COMPLETE
Requirement_1:SOL_10	
	FUNCTION_ID=1466713889	[LOG_TRAFFIC@1466713889]
	FUNCTION_ID=2060728516	[DENY_TRAFFIC@2060728516, COUNT@2060728516]
SAT= COMPLETE
Requirement_1:SOL_11	
	FUNCTION_ID=1466713889	[LOG_TRAFFIC@1466713889]
	FUNCTION_ID=1248253612	[DENY_TRAFFIC@1248253612, COUNT@1248253612]
SAT= COMPLETE
Requirement_1:SOL_12	
	FUNCTION_ID=412528760	[LOG_TRAFFIC@412528760]
	FUNCTION_ID=374426906	[DENY_TRAFFIC@374426906, COUNT@374426906]
SAT= PARTIAL
Requirement_1:SOL_13	
	FUNCTION_ID=309254920	[LOG_TRAFFIC@309254920]
	FUNCTION_ID=374426906	[DENY_TRAFFIC@374426906, COUNT@374426906]
SAT= PARTIAL
Requirement_1:SOL_14	
	FUNCTION_ID=412528760	[LOG_TRAFFIC@412528760]
	FUNCTION_ID=1466713889	[DENY_TRAFFIC@1466713889, COUNT@1466713889]
SAT= COMPLETE
Requirement_1:SOL_15	
	FUNCTION_ID=309254920	[LOG_TRAFFIC@309254920]
	FUNCTION_ID=1466713889	[DENY_TRAFFIC@1466713889, COUNT@1466713889]
SAT= COMPLETE
Requirement_1:SOL_16	
	FUNCTION_ID=309254920	[LOG_TRAFFIC@309254920]
	FUNCTION_ID=2060728516	[DENY_TRAFFIC@2060728516, COUNT@2060728516]
SAT= PARTIAL
Requirement_1:SOL_17	
	FUNCTION_ID=412528760	[LOG_TRAFFIC@412528760]
	FUNCTION_ID=2060728516	[DENY_TRAFFIC@2060728516, COUNT@2060728516]
SAT= PARTIAL
Requirement_1:SOL_18	
	FUNCTION_ID=309254920	[LOG_TRAFFIC@309254920]
	FUNCTION_ID=1248253612	[DENY_TRAFFIC@1248253612, COUNT@1248253612]
SAT= PARTIAL
Requirement_1:SOL_19	
	FUNCTION_ID=69553338	[LOG_TRAFFIC@69553338]
	FUNCTION_ID=1466713889	[DENY_TRAFFIC@1466713889, COUNT@1466713889]
SAT= COMPLETE
Requirement_1:SOL_2	
	FUNCTION_ID=2060728516	[LOG_TRAFFIC@2060728516]
	FUNCTION_ID=374426906	[DENY_TRAFFIC@374426906, COUNT@374426906]
SAT= PARTIAL
Requirement_1:SOL_20	
	FUNCTION_ID=69553338	[LOG_TRAFFIC@69553338]
	FUNCTION_ID=2060728516	[DENY_TRAFFIC@2060728516, COUNT@2060728516]
SAT= PARTIAL
Requirement_1:SOL_21	
	FUNCTION_ID=69553338	[LOG_TRAFFIC@69553338]
	FUNCTION_ID=309254920	[DENY_TRAFFIC@309254920, COUNT@309254920]
SAT= PARTIAL
Requirement_1:SOL_22	
	FUNCTION_ID=69553338	[LOG_TRAFFIC@69553338]
	FUNCTION_ID=1248253612	[DENY_TRAFFIC@1248253612, COUNT@1248253612]
SAT= PARTIAL
Requirement_1:SOL_23	
	FUNCTION_ID=412528760	[LOG_TRAFFIC@412528760]
	FUNCTION_ID=1248253612	[DENY_TRAFFIC@1248253612, COUNT@1248253612]
SAT= PARTIAL
Requirement_1:SOL_24	
	FUNCTION_ID=412528760	[LOG_TRAFFIC@412528760]
	FUNCTION_ID=309254920	[DENY_TRAFFIC@309254920, COUNT@309254920]
SAT= PARTIAL
Requirement_1:SOL_3	
	FUNCTION_ID=2060728516	[LOG_TRAFFIC@2060728516]
	FUNCTION_ID=1466713889	[DENY_TRAFFIC@1466713889, COUNT@1466713889]
SAT= COMPLETE
Requirement_1:SOL_4	
	FUNCTION_ID=69553338	[LOG_TRAFFIC@69553338]
	FUNCTION_ID=374426906	[DENY_TRAFFIC@374426906, COUNT@374426906]
SAT= PARTIAL
Requirement_1:SOL_5	
	FUNCTION_ID=2060728516	[LOG_TRAFFIC@2060728516, DENY_TRAFFIC@2060728516, COUNT@2060728516]
SAT= PARTIAL
Requirement_1:SOL_6	
	FUNCTION_ID=2060728516	[LOG_TRAFFIC@2060728516]
	FUNCTION_ID=309254920	[DENY_TRAFFIC@309254920, COUNT@309254920]
SAT= PARTIAL
Requirement_1:SOL_7	
	FUNCTION_ID=2060728516	[LOG_TRAFFIC@2060728516]
	FUNCTION_ID=1248253612	[DENY_TRAFFIC@1248253612, COUNT@1248253612]
SAT= PARTIAL
Requirement_1:SOL_8	
	FUNCTION_ID=1466713889	[LOG_TRAFFIC@1466713889, DENY_TRAFFIC@1466713889, COUNT@1466713889]
SAT= COMPLETE
Requirement_1:SOL_9	
	FUNCTION_ID=1466713889	[LOG_TRAFFIC@1466713889]
	FUNCTION_ID=309254920	[DENY_TRAFFIC@309254920, COUNT@309254920]
SAT= COMPLETE
ALL REQUIREMENT HAS BEEN PROCESSED AND ARE TERMINATED IN = 91ms
************* TOOL ENABLED by tools.xml file *************
------------------------------------------------------------------------------------------------------------------------------------
Neo4jDB status=false
Marshall on file status=true
Output on file status=false
------------------------------------------------------------------------------------------------------------------------------------
> Unmarshall MANIFEST ended - Find =  10
------------------------------------------------------------------------------------------------------------------------------------
------------------------------------------------------------------------------------------------------------------------------------
Manifest NAME= VNF6
FIELD:
	IP_DST_VER_4= null
	PORT_DST= null
	PORT_SRC= null
	PROTO= null
	IP_SRC_VER_6= null
	IP_DST_VER_6= null
	IP_SRC_VER_4= null
ACTION:
	REMARK_PACKET
	LOG_TRAFFIC
	STORE_PACKET
	FORWARD_TRAFFIC
------------------------------------------------------------------------------------------------------------------------------------
Manifest NAME= VNF7
FIELD:
	IP_DST_VER_4= null
	PORT_DST= null
	PORT_SRC= null
	PROTO= null
	IP_SRC_VER_4= null
ACTION:
	DENY_TRAFFIC
	ALLOW_TRAFFIC
	COUNT
	ALERT
------------------------------------------------------------------------------------------------------------------------------------
Manifest NAME= VNF8
FIELD:
	IP_DST_VER_4= null
	PROTO= null
	GEO_POSITION= null
	PRIORITY= null
	IP_SRC_VER_6= null
	IP_DST_VER_6= null
	IP_SRC_VER_4= null
ACTION:
	LOG_TRAFFIC
------------------------------------------------------------------------------------------------------------------------------------
Manifest NAME= VNF9
FIELD:
	PROTO= null
	IP_SRC_VER_6= null
	IP_SRC_VER_4= null
	VLAN_TAG= null
ACTION:
	REMARK_PACKET
	DENY_TRAFFIC
	COUNT
------------------------------------------------------------------------------------------------------------------------------------
Manifest NAME= VNF1
FIELD:
	URLS= null
	PORT_DST= null
	PORT_SRC= null
	PROTO= null
	TIME= null
	PRIORITY= null
	DOCUMENTS= [DOCX, PDF]
	IP_SRC_VER_4= null
	IP_DST_VER_4= null
	SCRIPTS= [JS, BASH]
	BANDWITH= null
	DAY= null
	BODY= null
	VLAN_TAG= null
ACTION:
	LOG_TRAFFIC
	DENY_TRAFFIC
	ALLOW_TRAFFIC
	COUNT
	ALERT
	ANTIVIRUS
------------------------------------------------------------------------------------------------------------------------------------
Manifest NAME= VNF2
FIELD:
	PORT_DST= null
	PORT_SRC= null
	PROTO= null
	TIME= null
	PRIORITY= null
	IP_SRC_VER_6= null
	SCRIPTS= [JS, BASH]
	BANDWITH= null
	DISPLACE= null
	IP_DST_VER_6= null
	DAY= null
	BODY= null
	VLAN_TAG= null
ACTION:
	PROTECT_INTEGRITY
	LOG_TRAFFIC
	DENY_TRAFFIC
	ALLOW_TRAFFIC
	COUNT
	ALERT
	PROTECT_INTEGRITY:SHA1
	PROTECT_INTEGRITY:SHA2
------------------------------------------------------------------------------------------------------------------------------------
Manifest NAME= VNF3
FIELD:
	IP_DST_VER_4= null
	PORT_DST= null
	PORT_SRC= null
	PROTO= [TCP, UDP]
	IP_SRC_VER_4= null
ACTION:
	ENCRYPT_TRAFFIC:AES128
	DENY_TRAFFIC
	STORE_PACKET
	ALLOW_TRAFFIC
	COUNT
	ENCRYPT_TRAFFIC:RSA
	ALERT
	ENCRYPT_TRAFFIC
------------------------------------------------------------------------------------------------------------------------------------
Manifest NAME= VNF10
FIELD:
	IP_DST_VER_4= null
	PORT_DST= null
	PORT_SRC= null
	PROTO= [TCP, UDP, SMTP, HTTPS]
	IP_SRC_VER_6= null
	IP_DST_VER_6= null
	IP_SRC_VER_4= null
ACTION:
	PROTECT_INTEGRITY
	LOG_TRAFFIC
	ALERT
	PROTECT_INTEGRITY:SHA1
	PROTECT_INTEGRITY:SHA2
------------------------------------------------------------------------------------------------------------------------------------
Manifest NAME= VNF4
FIELD:
	PORT_SRC= null
	PROTO= [UDP]
	IP_SRC_VER_4= null
ACTION:
	PROTECT_INTEGRITY
	AUTHN_TRAFFIC:DSA
	AUTHN_TRAFFIC:ECDSA
	PROTECT_CONFIDENTIALITY
	NAT_TRAFFIC
	ENCRYPT_TRAFFIC
	AUTHN_TRAFFIC
------------------------------------------------------------------------------------------------------------------------------------
Manifest NAME= VNF5
FIELD:
	IP_DST_VER_4= null
	PORT_DST= null
	PORT_SRC= null
	PROTO= null
	IP_SRC_VER_4= null
ACTION:
	DENY_TRAFFIC
> Unmarshall REQUIREMENTS ended in :55ms Element: 1
------------------------------------------------------------------------------------------------------------------------------------
------------------------------------------------------------------------------------------------------------------------------------
	 REQUIREMENT = 1
------------------------------------------------------------------------------------------------------------------------------------
FIELD = URLS	VALUE = [http://example.com/provapage.html]
FIELD = PORT_DST	VALUE = [100-10500]
FIELD = PROTO	VALUE = [TCP]
FIELD = TIME	VALUE = [Sunday;00:10:33;12:15:22, Monday;01:10:33;12:15:22]
FIELD = DAY	VALUE = [Monday, Friday, Sunday]
FIELD = DOCUMENTS	VALUE = [DOCX, PDF]
FIELD = IP_SRC_VER_4	VALUE = [10.0.3.21/24]
------------------------------------------------------------------------------------------------------------------------------------
Order Position = 1	LOG_TRAFFIC
Order Position = 2	DENY_TRAFFIC
Order Position = 2	COUNT
------------------------------------------------------------------------------------------------------------------------------------
ID= 392403441	Fields= {PROTO=[TCP], IP_SRC_VER_4=[10.0.3.21/24]}	Action= [DENY_TRAFFIC, COUNT]	VNFS= [VNF9]
ID= 1449038794	Fields= {PORT_DST=[100-10500], PROTO=[TCP], TIME=[Sunday;00:10:33;12:15:22, Monday;01:10:33;12:15:22], DAY=[Monday, Friday, Sunday]}	Action= [LOG_TRAFFIC, DENY_TRAFFIC, COUNT]	VNFS= [VNF2]
ID= 325408622	Fields= {PORT_DST=[100-10500], PROTO=[TCP], IP_SRC_VER_4=[10.0.3.21/24]}	Action= [DENY_TRAFFIC, COUNT]	VNFS= [VNF7, VNF3]
ID= 324800453	Fields= {URLS=[NOT_CONF_MAKE_DEC], PORT_DST=[100-10500], PROTO=[TCP], TIME=[Sunday;00:10:33;12:15:22, Monday;01:10:33;12:15:22], DAY=[Monday, Friday, Sunday], DOCUMENTS=[DOCX, PDF], IP_SRC_VER_4=[10.0.3.21/24]}	Action= [LOG_TRAFFIC, DENY_TRAFFIC, COUNT]	VNFS= [VNF1]
ID= 1710032485	Fields= {PROTO=[TCP], IP_SRC_VER_4=[10.0.3.21/24]}	Action= [LOG_TRAFFIC]	VNFS= [VNF8]
ID= 430204085	Fields= {PORT_DST=[100-10500], PROTO=[TCP], IP_SRC_VER_4=[10.0.3.21/24]}	Action= [LOG_TRAFFIC]	VNFS= [VNF6, VNF10]
------------------------------------------------------------------------------------------------------------------------------------
Finding chaining = 2ms
Requirement_1:SOL_0	
	FUNCTION_ID=430204085	[LOG_TRAFFIC@430204085]
	FUNCTION_ID=324800453	[DENY_TRAFFIC@324800453, COUNT@324800453]
SAT= PARTIAL
Requirement_1:SOL_1	
	FUNCTION_ID=1449038794	[LOG_TRAFFIC@1449038794]
	FUNCTION_ID=392403441	[DENY_TRAFFIC@392403441, COUNT@392403441]
SAT= PARTIAL
Requirement_1:SOL_10	
	FUNCTION_ID=430204085	[LOG_TRAFFIC@430204085]
	FUNCTION_ID=392403441	[DENY_TRAFFIC@392403441, COUNT@392403441]
SAT= PARTIAL
Requirement_1:SOL_11	
	FUNCTION_ID=430204085	[LOG_TRAFFIC@430204085]
	FUNCTION_ID=1449038794	[DENY_TRAFFIC@1449038794, COUNT@1449038794]
SAT= PARTIAL
Requirement_1:SOL_12	
	FUNCTION_ID=430204085	[LOG_TRAFFIC@430204085]
	FUNCTION_ID=325408622	[DENY_TRAFFIC@325408622, COUNT@325408622]
SAT= PARTIAL
Requirement_1:SOL_13	
	FUNCTION_ID=1710032485	[LOG_TRAFFIC@1710032485]
	FUNCTION_ID=1449038794	[DENY_TRAFFIC@1449038794, COUNT@1449038794]
SAT= PARTIAL
Requirement_1:SOL_14	
	FUNCTION_ID=1710032485	[LOG_TRAFFIC@1710032485]
	FUNCTION_ID=325408622	[DENY_TRAFFIC@325408622, COUNT@325408622]
SAT= PARTIAL
Requirement_1:SOL_15	
	FUNCTION_ID=1710032485	[LOG_TRAFFIC@1710032485]
	FUNCTION_ID=324800453	[DENY_TRAFFIC@324800453, COUNT@324800453]
SAT= PARTIAL
Requirement_1:SOL_2	
	FUNCTION_ID=324800453	[LOG_TRAFFIC@324800453]
	FUNCTION_ID=392403441	[DENY_TRAFFIC@392403441, COUNT@392403441]
SAT= PARTIAL
Requirement_1:SOL_3	
	FUNCTION_ID=324800453	[LOG_TRAFFIC@324800453]
	FUNCTION_ID=1449038794	[DENY_TRAFFIC@1449038794, COUNT@1449038794]
SAT= PARTIAL
Requirement_1:SOL_4	
	FUNCTION_ID=1710032485	[LOG_TRAFFIC@1710032485]
	FUNCTION_ID=392403441	[DENY_TRAFFIC@392403441, COUNT@392403441]
SAT= PARTIAL
Requirement_1:SOL_5	
	FUNCTION_ID=324800453	[LOG_TRAFFIC@324800453]
	FUNCTION_ID=325408622	[DENY_TRAFFIC@325408622, COUNT@325408622]
SAT= PARTIAL
Requirement_1:SOL_6	
	FUNCTION_ID=324800453	[LOG_TRAFFIC@324800453, DENY_TRAFFIC@324800453, COUNT@324800453]
SAT= PARTIAL
Requirement_1:SOL_7	
	FUNCTION_ID=1449038794	[LOG_TRAFFIC@1449038794, DENY_TRAFFIC@1449038794, COUNT@1449038794]
SAT= PARTIAL
Requirement_1:SOL_8	
	FUNCTION_ID=1449038794	[LOG_TRAFFIC@1449038794]
	FUNCTION_ID=324800453	[DENY_TRAFFIC@324800453, COUNT@324800453]
SAT= PARTIAL
Requirement_1:SOL_9	
	FUNCTION_ID=1449038794	[LOG_TRAFFIC@1449038794]
	FUNCTION_ID=325408622	[DENY_TRAFFIC@325408622, COUNT@325408622]
SAT= PARTIAL
ALL REQUIREMENT HAS BEEN PROCESSED AND ARE TERMINATED IN = 64ms
************* TOOL ENABLED by tools.xml file *************
------------------------------------------------------------------------------------------------------------------------------------
Neo4jDB status=false
Marshall on file status=true
Output on file status=false
------------------------------------------------------------------------------------------------------------------------------------
> Unmarshall MANIFEST ended - Find =  2
------------------------------------------------------------------------------------------------------------------------------------
------------------------------------------------------------------------------------------------------------------------------------
Manifest NAME= VNF1
FIELD:
	URLS= null
	PORT_DST= null
	PORT_SRC= null
	PROTO= null
	TIME= null
	PRIORITY= null
	DOCUMENTS= null
	IP_SRC_VER_4= null
	IP_DST_VER_4= null
	SCRIPTS= null
	BANDWITH= null
	DAY= null
	BODY= null
	VLAN_TAG= null
ACTION:
	LOG_TRAFFIC
	DENY_TRAFFIC
	ALLOW_TRAFFIC
	COUNT
	ALERT
------------------------------------------------------------------------------------------------------------------------------------
Manifest NAME= VNF2
FIELD:
	URLS= null
	PORT_DST= null
	PORT_SRC= null
	PROTO= null
	TIME= null
	PRIORITY= null
	DOCUMENTS= null
	IP_SRC_VER_4= null
	IP_DST_VER_4= null
	SCRIPTS= null
	BANDWITH= null
	DAY= null
	BODY= null
	VLAN_TAG= null
ACTION:
	LOG_TRAFFIC
	DENY_TRAFFIC
	ALLOW_TRAFFIC
	COUNT
	ALERT
> Unmarshall REQUIREMENTS ended in :83ms Element: 2
------------------------------------------------------------------------------------------------------------------------------------
------------------------------------------------------------------------------------------------------------------------------------
	 REQUIREMENT = 1
------------------------------------------------------------------------------------------------------------------------------------
FIELD = URLS	VALUE = [http://example.com/provapage.html]
FIELD = PORT_DST	VALUE = [100-10500]
FIELD = PROTO	VALUE = [*]
FIELD = TIME	VALUE = [Sunday;00:10:33;12:15:22, *;01:10:33;12:15:22]
FIELD = DOMAINS	VALUE = [mydomain.it]
FIELD = DAY	VALUE = [Sunday, *]
FIELD = DOCUMENTS	VALUE = [PDF]
FIELD = IP_SRC_VER_4	VALUE = [10.0.3.21/24]
------------------------------------------------------------------------------------------------------------------------------------
Order Position = 1	LOG_TRAFFIC
Order Position = 1	ALERT
Order Position = 2	PROTECT_INTEGRITY:SHA2
Order Position = 3	DENY_TRAFFIC
Order Position = 3	COUNT
------------------------------------------------------------------------------------------------------------------------------------
ID= 1023602553	Fields= {URLS=[http://example.com/provapage.html], PORT_DST=[100-10500], PROTO=[*], TIME=[Sunday;00:10:33;12:15:22, *;01:10:33;12:15:22], DAY=[Sunday, *], DOCUMENTS=[PDF], IP_SRC_VER_4=[10.0.3.21/24]}	Action= [LOG_TRAFFIC, DENY_TRAFFIC, COUNT, ALERT]	VNFS= [VNF2]
ID= 170282170	Fields= {URLS=[NOT_CONF_MAKE_DEC], PORT_DST=[100-10500], PROTO=[*], TIME=[Sunday;00:10:33;12:15:22, *;01:10:33;12:15:22], DAY=[Sunday, *], DOCUMENTS=[NOT_CONF_MAKE_DEC], IP_SRC_VER_4=[10.0.3.21/24]}	Action= [LOG_TRAFFIC, DENY_TRAFFIC, COUNT, ALERT]	VNFS= [VNF1]
------------------------------------------------------------------------------------------------------------------------------------
Optimization was stopped with status infeasible
Finding chaining = 12ms
------------------------------------------------------------------------------------------------------------------------------------
	 REQUIREMENT = 2
------------------------------------------------------------------------------------------------------------------------------------
FIELD = PORT_SRC	VALUE = [100-10500]
FIELD = PROTO	VALUE = [TCP]
FIELD = DOCUMENTS	VALUE = [DOCX, PDF]
FIELD = IP_SRC_VER_4	VALUE = [10.0.3.21/24]
------------------------------------------------------------------------------------------------------------------------------------
Order Position = 1	LOG_TRAFFIC
Order Position = 1	ALERT
Order Position = 2	STORE_PACKET
------------------------------------------------------------------------------------------------------------------------------------
ID= 1387456560	Fields= {PORT_SRC=[100-10500], PROTO=[TCP], DOCUMENTS=[DOCX, PDF], IP_SRC_VER_4=[10.0.3.21/24]}	Action= [LOG_TRAFFIC, ALERT]	VNFS= [VNF2]
ID= 831217719	Fields= {PORT_SRC=[100-10500], PROTO=[TCP], DOCUMENTS=[NOT_CONF_MAKE_DEC], IP_SRC_VER_4=[10.0.3.21/24]}	Action= [LOG_TRAFFIC, ALERT]	VNFS= [VNF1]
------------------------------------------------------------------------------------------------------------------------------------
Optimization was stopped with status infeasible
Finding chaining = 1ms
ALL REQUIREMENT HAS BEEN PROCESSED AND ARE TERMINATED IN = 140ms
************* TOOL ENABLED by tools.xml file *************
------------------------------------------------------------------------------------------------------------------------------------
Neo4jDB status=false
Marshall on file status=true
Output on file status=false
------------------------------------------------------------------------------------------------------------------------------------
> Unmarshall MANIFEST ended - Find =  3
------------------------------------------------------------------------------------------------------------------------------------
------------------------------------------------------------------------------------------------------------------------------------
Manifest NAME= VNF1
FIELD:
	URLS= null
	PORT_DST= null
	PORT_SRC= null
	PROTO= null
	TIME= null
	PRIORITY= null
	DOCUMENTS= null
	IP_SRC_VER_4= null
	IP_DST_VER_4= null
	SCRIPTS= null
	BANDWITH= null
	DAY= null
	BODY= null
	VLAN_TAG= null
ACTION:
	LOG_TRAFFIC
	DENY_TRAFFIC
	ALLOW_TRAFFIC
	COUNT
	ALERT
------------------------------------------------------------------------------------------------------------------------------------
Manifest NAME= VNF2
FIELD:
	URLS= null
	PORT_DST= null
	PORT_SRC= null
	PROTO= null
	TIME= null
	PRIORITY= null
	DOCUMENTS= null
	IP_SRC_VER_4= null
	IP_DST_VER_4= null
	SCRIPTS= null
	BANDWITH= null
	DAY= null
	BODY= null
	VLAN_TAG= null
ACTION:
	LOG_TRAFFIC
	DENY_TRAFFIC
	ALLOW_TRAFFIC
	COUNT
	ALERT
------------------------------------------------------------------------------------------------------------------------------------
Manifest NAME= VNF3
FIELD:
	URLS= null
	PORT_DST= null
	PORT_SRC= null
	PROTO= null
	TIME= null
	PRIORITY= null
	DOCUMENTS= [PDF]
	IP_SRC_VER_4= null
	IP_DST_VER_4= null
	SCRIPTS= null
	BANDWITH= null
	DAY= null
	BODY= null
	VLAN_TAG= null
ACTION:
	LOG_TRAFFIC
	DENY_TRAFFIC
	ALLOW_TRAFFIC
	COUNT
	ALERT
> Unmarshall REQUIREMENTS ended in :66ms Element: 3
------------------------------------------------------------------------------------------------------------------------------------
------------------------------------------------------------------------------------------------------------------------------------
	 REQUIREMENT = 1
------------------------------------------------------------------------------------------------------------------------------------
FIELD = URLS	VALUE = [http://example.com/provapage.html]
FIELD = PORT_DST	VALUE = [100-10500]
FIELD = PROTO	VALUE = [*]
FIELD = TIME	VALUE = [Sunday;00:10:33;12:15:22, *;01:10:33;12:15:22]
FIELD = DOMAINS	VALUE = [mydomain.it]
FIELD = DAY	VALUE = [Sunday, *]
FIELD = DOCUMENTS	VALUE = [PDF]
FIELD = IP_SRC_VER_4	VALUE = [10.0.3.21/24]
------------------------------------------------------------------------------------------------------------------------------------
Order Position = 1	LOG_TRAFFIC
Order Position = 1	ALERT
Order Position = 2	PROTECT_INTEGRITY:SHA2
Order Position = 3	DENY_TRAFFIC
Order Position = 3	COUNT
------------------------------------------------------------------------------------------------------------------------------------
ID= 1919209873	Fields= {URLS=[http://example.com/provapage.html], PORT_DST=[100-10500], PROTO=[*], TIME=[Sunday;00:10:33;12:15:22, *;01:10:33;12:15:22], DAY=[Sunday, *], DOCUMENTS=[PDF], IP_SRC_VER_4=[10.0.3.21/24]}	Action= [LOG_TRAFFIC, DENY_TRAFFIC, COUNT, ALERT]	VNFS= [VNF2, VNF3]
ID= 2064098986	Fields= {URLS=[NOT_CONF_MAKE_DEC], PORT_DST=[100-10500], PROTO=[*], TIME=[Sunday;00:10:33;12:15:22, *;01:10:33;12:15:22], DAY=[Sunday, *], DOCUMENTS=[NOT_CONF_MAKE_DEC], IP_SRC_VER_4=[10.0.3.21/24]}	Action= [LOG_TRAFFIC, DENY_TRAFFIC, COUNT, ALERT]	VNFS= [VNF1]
------------------------------------------------------------------------------------------------------------------------------------
Optimization was stopped with status infeasible
Finding chaining = 1ms
------------------------------------------------------------------------------------------------------------------------------------
	 REQUIREMENT = 2
------------------------------------------------------------------------------------------------------------------------------------
FIELD = PORT_SRC	VALUE = [100-10500]
FIELD = PROTO	VALUE = [TCP]
FIELD = DOCUMENTS	VALUE = [DOCX, PDF]
FIELD = IP_SRC_VER_4	VALUE = [10.0.3.21/24]
------------------------------------------------------------------------------------------------------------------------------------
Order Position = 1	LOG_TRAFFIC
Order Position = 1	ALERT
Order Position = 2	STORE_PACKET
------------------------------------------------------------------------------------------------------------------------------------
ID= 1374275843	Fields= {PORT_SRC=[100-10500], PROTO=[TCP], DOCUMENTS=[PDF], IP_SRC_VER_4=[10.0.3.21/24]}	Action= [LOG_TRAFFIC, ALERT]	VNFS= [VNF3]
ID= 356213257	Fields= {PORT_SRC=[100-10500], PROTO=[TCP], DOCUMENTS=[DOCX, PDF], IP_SRC_VER_4=[10.0.3.21/24]}	Action= [LOG_TRAFFIC, ALERT]	VNFS= [VNF2]
ID= 85576773	Fields= {PORT_SRC=[100-10500], PROTO=[TCP], DOCUMENTS=[NOT_CONF_MAKE_DEC], IP_SRC_VER_4=[10.0.3.21/24]}	Action= [LOG_TRAFFIC, ALERT]	VNFS= [VNF1]
------------------------------------------------------------------------------------------------------------------------------------
Optimization was stopped with status infeasible
Finding chaining = 3ms
------------------------------------------------------------------------------------------------------------------------------------
	 REQUIREMENT = 3
------------------------------------------------------------------------------------------------------------------------------------
FIELD = IP_DST_VER_4	VALUE = [10.0.3.21/24]
FIELD = PORT_DST	VALUE = [100-10500]
[...]
	IP_SRC_VER_6= null
	IP_SRC_VER_4= null
	VLAN_TAG= null
ACTION:
	REMARK_PACKET
	DENY_TRAFFIC
	COUNT
------------------------------------------------------------------------------------------------------------------------------------
Manifest NAME= VNF1
FIELD:
	URLS= null
	PORT_DST= null
	PORT_SRC= null
	PROTO= null
	TIME= null
	PRIORITY= null
	DOCUMENTS= [DOCX, PDF]
	IP_SRC_VER_4= null
	IP_DST_VER_4= null
	SCRIPTS= [JS, BASH]
	BANDWITH= null
	DAY= null
	BODY= null
	VLAN_TAG= null
ACTION:
	LOG_TRAFFIC
	DENY_TRAFFIC
	ALLOW_TRAFFIC
	COUNT
	ALERT
	ANTIVIRUS
------------------------------------------------------------------------------------------------------------------------------------
Manifest NAME= VNF2
FIELD:
	PORT_DST= null
	PORT_SRC= null
	PROTO= null
	TIME= null
	PRIORITY= null
	IP_SRC_VER_6= null
	SCRIPTS= [JS, BASH]
	BANDWITH= null
	DISPLACE= null
	IP_DST_VER_6= null
	DAY= null
	BODY= null
	VLAN_TAG= null
ACTION:
	PROTECT_INTEGRITY
	LOG_TRAFFIC
	DENY_TRAFFIC
	ALLOW_TRAFFIC
	COUNT
	ALERT
	PROTECT_INTEGRITY:SHA1
	PROTECT_INTEGRITY:SHA2
------------------------------------------------------------------------------------------------------------------------------------
Manifest NAME= VNF3
FIELD:
	IP_DST_VER_4= null
	PORT_DST= null
	PORT_SRC= null
	PROTO= [TCP, UDP]
	IP_SRC_VER_4= null
ACTION:
	ENCRYPT_TRAFFIC:AES128
	DENY_TRAFFIC
	STORE_PACKET
	ALLOW_TRAFFIC
	COUNT
	ENCRYPT_TRAFFIC:RSA
	ALERT
	ENCRYPT_TRAFFIC
------------------------------------------------------------------------------------------------------------------------------------
Manifest NAME= VNF10
FIELD:
	IP_DST_VER_4= null
	PORT_DST= null
	PORT_SRC= null
	PROTO= [TCP, UDP, SMTP, HTTPS]
	IP_SRC_VER_6= null
	IP_DST_VER_6= null
	IP_SRC_VER_4= null
ACTION:
	PROTECT_INTEGRITY
	LOG_TRAFFIC
	ALERT
	PROTECT_INTEGRITY:SHA1
	PROTECT_INTEGRITY:SHA2
------------------------------------------------------------------------------------------------------------------------------------
Manifest NAME= VNF4
FIELD:
	PORT_SRC= null
	PROTO= [UDP]
	IP_SRC_VER_4= null
ACTION:
	PROTECT_INTEGRITY
	AUTHN_TRAFFIC:DSA
	AUTHN_TRAFFIC:ECDSA
	PROTECT_CONFIDENTIALITY
	NAT_TRAFFIC
	ENCRYPT_TRAFFIC
	AUTHN_TRAFFIC
------------------------------------------------------------------------------------------------------------------------------------
Manifest NAME= VNF5
FIELD:
	IP_DST_VER_4= null
	PORT_DST= null
	PORT_SRC= null
	PROTO= null
	IP_SRC_VER_4= null
ACTION:
	DENY_TRAFFIC
> Unmarshall REQUIREMENTS ended in :40ms Element: 10
------------------------------------------------------------------------------------------------------------------------------------
------------------------------------------------------------------------------------------------------------------------------------
	 REQUIREMENT = 1
------------------------------------------------------------------------------------------------------------------------------------
FIELD = URLS	VALUE = [http://example.com/provapage.html]
FIELD = PORT_DST	VALUE = [100-10500]
FIELD = PROTO	VALUE = [*]
FIELD = TIME	VALUE = [Sunday;00:10:33;12:15:22, *;01:10:33;12:15:22]
FIELD = DOMAINS	VALUE = [mydomain.it]
FIELD = DAY	VALUE = [Sunday, *]
FIELD = DOCUMENTS	VALUE = [PDF]
FIELD = IP_SRC_VER_4	VALUE = [10.0.3.21/24]
------------------------------------------------------------------------------------------------------------------------------------
Order Position = 1	LOG_TRAFFIC
Order Position = 1	ALERT
Order Position = 2	PROTECT_INTEGRITY:SHA2
Order Position = 3	DENY_TRAFFIC
Order Position = 3	COUNT
------------------------------------------------------------------------------------------------------------------------------------
ID= 1250278816	Fields= {PROTO=[*], IP_SRC_VER_4=[10.0.3.21/24]}	Action= [DENY_TRAFFIC, COUNT]	VNFS= [VNF9]
ID= 2031530515	Fields= {PORT_DST=[100-10500], PROTO=[*], IP_SRC_VER_4=[10.0.3.21/24]}	Action= [DENY_TRAFFIC, COUNT, ALERT]	VNFS= [VNF7, VNF3]
ID= 1145195136	Fields= {URLS=[NOT_CONF_MAKE_DEC], PORT_DST=[100-10500], PROTO=[*], TIME=[Sunday;00:10:33;12:15:22, *;01:10:33;12:15:22], DAY=[Sunday, *], DOCUMENTS=[PDF], IP_SRC_VER_4=[10.0.3.21/24]}	Action= [LOG_TRAFFIC, DENY_TRAFFIC, COUNT, ALERT]	VNFS= [VNF1]
ID= 1651541257	Fields= {PORT_DST=[100-10500], PROTO=[*], IP_SRC_VER_4=[10.0.3.21/24]}	Action= [LOG_TRAFFIC, ALERT, PROTECT_INTEGRITY:SHA2]	VNFS= [VNF10]
ID= 1081988816	Fields= {PORT_DST=[100-10500], PROTO=[*], TIME=[Sunday;00:10:33;12:15:22, *;01:10:33;12:15:22], DAY=[Sunday, *]}	Action= [DENY_TRAFFIC, COUNT, ALERT, PROTECT_INTEGRITY:SHA2]	VNFS= [VNF2]
------------------------------------------------------------------------------------------------------------------------------------
Finding chaining = 8ms
Requirement_1:SOL_0	
	FUNCTION_ID=1145195136	[LOG_TRAFFIC@1145195136, ALERT@1145195136]
	FUNCTION_ID=1081988816	[PROTECT_INTEGRITY:SHA2@1081988816, DENY_TRAFFIC@1081988816, COUNT@1081988816]
SAT= PARTIAL
Requirement_1:SOL_1	
	FUNCTION_ID=1145195136	[LOG_TRAFFIC@1145195136, ALERT@1145195136]
	FUNCTION_ID=1081988816	[PROTECT_INTEGRITY:SHA2@1081988816]
	FUNCTION_ID=1250278816	[DENY_TRAFFIC@1250278816, COUNT@1250278816]
SAT= PARTIAL
Requirement_1:SOL_10	
	FUNCTION_ID=1651541257	[LOG_TRAFFIC@1651541257, ALERT@1651541257, PROTECT_INTEGRITY:SHA2@1651541257]
	FUNCTION_ID=2031530515	[DENY_TRAFFIC@2031530515, COUNT@2031530515]
SAT= PARTIAL
Requirement_1:SOL_11	
	FUNCTION_ID=1651541257	[LOG_TRAFFIC@1651541257, ALERT@1651541257, PROTECT_INTEGRITY:SHA2@1651541257]
	FUNCTION_ID=1081988816	[DENY_TRAFFIC@1081988816, COUNT@1081988816]
SAT= PARTIAL
Requirement_1:SOL_12	
	FUNCTION_ID=1651541257	[LOG_TRAFFIC@1651541257, ALERT@1651541257, PROTECT_INTEGRITY:SHA2@1651541257]
	FUNCTION_ID=1145195136	[DENY_TRAFFIC@1145195136, COUNT@1145195136]
SAT= PARTIAL
Requirement_1:SOL_13	
	FUNCTION_ID=1651541257	[LOG_TRAFFIC@1651541257, ALERT@1651541257]
	FUNCTION_ID=1081988816	[PROTECT_INTEGRITY:SHA2@1081988816]
	FUNCTION_ID=2031530515	[DENY_TRAFFIC@2031530515, COUNT@2031530515]
SAT= PARTIAL
Requirement_1:SOL_14	
	FUNCTION_ID=1651541257	[LOG_TRAFFIC@1651541257, ALERT@1651541257]
	FUNCTION_ID=1081988816	[PROTECT_INTEGRITY:SHA2@1081988816]
	FUNCTION_ID=1145195136	[DENY_TRAFFIC@1145195136, COUNT@1145195136]
SAT= PARTIAL
Requirement_1:SOL_15	
	FUNCTION_ID=1651541257	[LOG_TRAFFIC@1651541257, ALERT@1651541257]
	FUNCTION_ID=1081988816	[PROTECT_INTEGRITY:SHA2@1081988816, DENY_TRAFFIC@1081988816, COUNT@1081988816]
SAT= PARTIAL
Requirement_1:SOL_2	
	FUNCTION_ID=1651541257	[LOG_TRAFFIC@1651541257, ALERT@1651541257]
	FUNCTION_ID=1081988816	[PROTECT_INTEGRITY:SHA2@1081988816]
	FUNCTION_ID=1250278816	[DENY_TRAFFIC@1250278816, COUNT@1250278816]
SAT= PARTIAL
Requirement_1:SOL_3	
	FUNCTION_ID=1145195136	[LOG_TRAFFIC@1145195136, ALERT@1145195136]
	FUNCTION_ID=1651541257	[PROTECT_INTEGRITY:SHA2@1651541257]
	FUNCTION_ID=1250278816	[DENY_TRAFFIC@1250278816, COUNT@1250278816]
SAT= PARTIAL
Requirement_1:SOL_4	
	FUNCTION_ID=1651541257	[LOG_TRAFFIC@1651541257, ALERT@1651541257, PROTECT_INTEGRITY:SHA2@1651541257]
	FUNCTION_ID=1250278816	[DENY_TRAFFIC@1250278816, COUNT@1250278816]
SAT= PARTIAL
Requirement_1:SOL_5	
	FUNCTION_ID=1145195136	[LOG_TRAFFIC@1145195136, ALERT@1145195136]
	FUNCTION_ID=1651541257	[PROTECT_INTEGRITY:SHA2@1651541257]
	FUNCTION_ID=2031530515	[DENY_TRAFFIC@2031530515, COUNT@2031530515]
SAT= PARTIAL
Requirement_1:SOL_6	
	FUNCTION_ID=1145195136	[LOG_TRAFFIC@1145195136, ALERT@1145195136]
	FUNCTION_ID=1651541257	[PROTECT_INTEGRITY:SHA2@1651541257]
	FUNCTION_ID=1145195136	[DENY_TRAFFIC@1145195136, COUNT@1145195136]
SAT= PARTIAL
Requirement_1:SOL_7	
	FUNCTION_ID=1145195136	[LOG_TRAFFIC@1145195136, ALERT@1145195136]
	FUNCTION_ID=1651541257	[PROTECT_INTEGRITY:SHA2@1651541257]
	FUNCTION_ID=1081988816	[DENY_TRAFFIC@1081988816, COUNT@1081988816]
SAT= PARTIAL
Requirement_1:SOL_8	
	FUNCTION_ID=1145195136	[LOG_TRAFFIC@1145195136, ALERT@1145195136]
	FUNCTION_ID=1081988816	[PROTECT_INTEGRITY:SHA2@1081988816]
	FUNCTION_ID=2031530515	[DENY_TRAFFIC@2031530515, COUNT@2031530515]
SAT= PARTIAL
Requirement_1:SOL_9	
	FUNCTION_ID=1145195136	[LOG_TRAFFIC@1145195136, ALERT@1145195136]
	FUNCTION_ID=1081988816	[PROTECT_INTEGRITY:SHA2@1081988816]
	FUNCTION_ID=1145195136	[DENY_TRAFFIC@1145195136, COUNT@1145195136]
SAT= PARTIAL
------------------------------------------------------------------------------------------------------------------------------------
	 REQUIREMENT = 2
------------------------------------------------------------------------------------------------------------------------------------
FIELD = PORT_SRC	VALUE = [100-10500]
FIELD = PROTO	VALUE = [TCP]
FIELD = DOCUMENTS	VALUE = [DOCX, PDF]
FIELD = IP_SRC_VER_4	VALUE = [10.0.3.21/24]
------------------------------------------------------------------------------------------------------------------------------------
Order Position = 1	LOG_TRAFFIC
Order Position = 1	ALERT
Order Position = 2	STORE_PACKET
------------------------------------------------------------------------------------------------------------------------------------
ID= 2071048180	Fields= {PORT_SRC=[100-10500], PROTO=[TCP], IP_SRC_VER_4=[10.0.3.21/24]}	Action= [STORE_PACKET, ALERT]	VNFS= [VNF3]
ID= 2135831749	Fields= {PORT_SRC=[100-10500], PROTO=[TCP]}	Action= [LOG_TRAFFIC, ALERT]	VNFS= [VNF2]
ID= 1904854148	Fields= {PORT_SRC=[100-10500], PROTO=[TCP], DOCUMENTS=[DOCX, PDF], IP_SRC_VER_4=[10.0.3.21/24]}	Action= [LOG_TRAFFIC, ALERT]	VNFS= [VNF1]
------------------------------------------------------------------------------------------------------------------------------------
Finding chaining = 1ms
Requirement_2:SOL_0	
	FUNCTION_ID=2135831749	[LOG_TRAFFIC@2135831749, ALERT@2135831749]
	FUNCTION_ID=2071048180	[STORE_PACKET@2071048180]
SAT= PARTIAL
Requirement_2:SOL_1	
	FUNCTION_ID=1904854148	[LOG_TRAFFIC@1904854148, ALERT@1904854148]
	FUNCTION_ID=2071048180	[STORE_PACKET@2071048180]
SAT= COMPLETE
------------------------------------------------------------------------------------------------------------------------------------
	 REQUIREMENT = 3
------------------------------------------------------------------------------------------------------------------------------------
FIELD = IP_DST_VER_4	VALUE = [10.0.3.21/24]
FIELD = PORT_DST	VALUE = [100-10500]
FIELD = PROTO	VALUE = [UDP]
FIELD = GEOPOSITION	VALUE = [Europa]
FIELD = TIME	VALUE = [*]
FIELD = DAY	VALUE = [*]
FIELD = DOCUMENTS	VALUE = [DOCX, PDF]
FIELD = BODY	VALUE = [*]
FIELD = IP_SRC_VER_4	VALUE = [*]
FIELD = VLAN_TAG	VALUE = [3]
------------------------------------------------------------------------------------------------------------------------------------
Order Position = 1	LOG_TRAFFIC
Order Position = 2	REMARK_PACKET:VlanTag
------------------------------------------------------------------------------------------------------------------------------------
ID= 907617780	Fields= {PORT_DST=[100-10500], PROTO=[UDP], TIME=[*], DAY=[*], BODY=[*], VLAN_TAG=[3]}	Action= [LOG_TRAFFIC]	VNFS= [VNF2]
ID= 954129567	Fields= {IP_DST_VER_4=[10.0.3.21/24], PORT_DST=[100-10500], PROTO=[UDP], TIME=[*], DAY=[*], DOCUMENTS=[DOCX, PDF], BODY=[*], IP_SRC_VER_4=[*], VLAN_TAG=[NOT_CONF_MAKE_DEC]}	Action= [LOG_TRAFFIC]	VNFS= [VNF1]
------------------------------------------------------------------------------------------------------------------------------------
Optimization was stopped with status infeasible
Finding chaining = 1ms
------------------------------------------------------------------------------------------------------------------------------------
	 REQUIREMENT = 4
------------------------------------------------------------------------------------------------------------------------------------
FIELD = URLS	VALUE = [http://mywebsitedomain.com/mypersonalpage.html]
FIELD = PORT_DST	VALUE = [100-10500]
FIELD = PROTO	VALUE = [UDP]
FIELD = TIME	VALUE = [Monday;23:10:33;12:10:22, Friday;00:10:33;12:15:22]
FIELD = DAY	VALUE = [Monday, Friday]
FIELD = IP_SRC_VER_4	VALUE = [10.0.3.21/24]
FIELD = MEDIAS	VALUE = [IMAGES]
------------------------------------------------------------------------------------------------------------------------------------
Order Position = -1	ENCRYPT_TRAFFIC:AES128
------------------------------------------------------------------------------------------------------------------------------------
ID= 395597677	Fields= {PORT_DST=[100-10500], PROTO=[UDP], IP_SRC_VER_4=[10.0.3.21/24]}	Action= [ENCRYPT_TRAFFIC:AES128]	VNFS= [VNF3]
------------------------------------------------------------------------------------------------------------------------------------
Finding chaining = 10ms
Requirement_4:SOL_0-SET_1	
	FUNCTION_ID=395597677	[ENCRYPT_TRAFFIC:AES128@395597677]
SAT= PARTIAL
------------------------------------------------------------------------------------------------------------------------------------
	 REQUIREMENT = 5
------------------------------------------------------------------------------------------------------------------------------------
FIELD = PORT_DST	VALUE = [8080-9000]
FIELD = PROTO	VALUE = [UDP]
FIELD = TIME	VALUE = [*]
FIELD = DAY	VALUE = [*]
FIELD = IP_SRC_VER_4	VALUE = [10.0.3.21/24]
------------------------------------------------------------------------------------------------------------------------------------
Order Position = 1	LOG_TRAFFIC
Order Position = 2	LIMIT_BANDWIDTH:20Mbit/s
------------------------------------------------------------------------------------------------------------------------------------
ID= 1058620056	Fields= {PORT_DST=[8080-9000], PROTO=[UDP], TIME=[*], DAY=[*], IP_SRC_VER_4=[10.0.3.21/24]}	Action= [LOG_TRAFFIC]	VNFS= [VNF1]
ID= 836676363	Fields= {PORT_DST=[8080-9000], PROTO=[UDP], TIME=[*], DAY=[*]}	Action= [LOG_TRAFFIC]	VNFS= [VNF2]
------------------------------------------------------------------------------------------------------------------------------------
Optimization was stopped with status infeasible
Finding chaining = 1ms
------------------------------------------------------------------------------------------------------------------------------------
	 REQUIREMENT = 6
------------------------------------------------------------------------------------------------------------------------------------
FIELD = URLS	VALUE = [http://example.com/provapage.html]
FIELD = PORT_DST	VALUE = [100-10500]
FIELD = PROTO	VALUE = [ICMP]
FIELD = TIME	VALUE = [*]
FIELD = IP_SRC_VER_6	VALUE = [*]
FIELD = IP_DST_VER_6	VALUE = [2001:db8:3333:4444:5555:6666:7777:8888]
FIELD = DAY	VALUE = [Friday]
FIELD = EMAILS	VALUE = [admin@example.com]
------------------------------------------------------------------------------------------------------------------------------------
Order Position = 1	STORE_PACKET
------------------------------------------------------------------------------------------------------------------------------------
ID= 204342634	Fields= {PORT_DST=[100-10500]}	Action= [STORE_PACKET]	VNFS= [VNF3]
------------------------------------------------------------------------------------------------------------------------------------
Finding chaining = 1ms
Requirement_6:SOL_0	
	FUNCTION_ID=204342634	[STORE_PACKET@204342634]
SAT= PARTIAL
------------------------------------------------------------------------------------------------------------------------------------
	 REQUIREMENT = 7
------------------------------------------------------------------------------------------------------------------------------------
FIELD = PORT_SRC	VALUE = [100-10500]
FIELD = PROTO	VALUE = [TCP]
FIELD = TIME	VALUE = [*]
FIELD = DAY	VALUE = [*]
FIELD = DOCUMENTS	VALUE = [DOCX, PDF]
FIELD = IP_SRC_VER_4	VALUE = [10.0.3.21/24]
------------------------------------------------------------------------------------------------------------------------------------
Order Position = 1	LOG_TRAFFIC
Order Position = 1	ALERT
Order Position = 2	STORE_PACKET
------------------------------------------------------------------------------------------------------------------------------------
ID= 807956022	Fields= {PORT_SRC=[100-10500], PROTO=[TCP], IP_SRC_VER_4=[10.0.3.21/24]}	Action= [STORE_PACKET, ALERT]	VNFS= [VNF3]
ID= 1055885211	Fields= {PORT_SRC=[100-10500], PROTO=[TCP], TIME=[*], DAY=[*], DOCUMENTS=[DOCX, PDF], IP_SRC_VER_4=[10.0.3.21/24]}	Action= [LOG_TRAFFIC, ALERT]	VNFS= [VNF1]
------------------------------------------------------------------------------------------------------------------------------------
Finding chaining = 1ms
Requirement_7:SOL_0	
	FUNCTION_ID=1055885211	[LOG_TRAFFIC@1055885211, ALERT@1055885211]
	FUNCTION_ID=807956022	[STORE_PACKET@807956022]
SAT= COMPLETE
------------------------------------------------------------------------------------------------------------------------------------
	 REQUIREMENT = 8
------------------------------------------------------------------------------------------------------------------------------------
FIELD = IP_DST_VER_4	VALUE = [10.0.3.21/24]
FIELD = PORT_DST	VALUE = [100-10500]
FIELD = PROTO	VALUE = [UDP]
FIELD = GEOPOSITION	VALUE = [Europa]
FIELD = TIME	VALUE = [*]
FIELD = DAY	VALUE = [*]
FIELD = DOCUMENTS	VALUE = [DOCX, PDF]
FIELD = IP_SRC_VER_4	VALUE = [*]
------------------------------------------------------------------------------------------------------------------------------------
Order Position = 1	LOG_TRAFFIC
Order Position = 2	REMARK_PACKET:Priority
------------------------------------------------------------------------------------------------------------------------------------
ID= 1843512073	Fields= {PORT_DST=[100-10500], PROTO=[UDP], TIME=[*], DAY=[*]}	Action= [LOG_TRAFFIC]	VNFS= [VNF2]
ID= 1663443229	Fields= {IP_DST_VER_4=[10.0.3.21/24], PORT_DST=[100-10500], PROTO=[UDP], TIME=[*], DAY=[*], DOCUMENTS=[DOCX, PDF], IP_SRC_VER_4=[*]}	Action= [LOG_TRAFFIC]	VNFS= [VNF1]
------------------------------------------------------------------------------------------------------------------------------------
Optimization was stopped with status infeasible
Finding chaining = 1ms
------------------------------------------------------------------------------------------------------------------------------------
	 REQUIREMENT = 9
------------------------------------------------------------------------------------------------------------------------------------
FIELD = URLS	VALUE = [http://example.com/provapage.html]
FIELD = PORT_DST	VALUE = [100-10500]
FIELD = PROTO	VALUE = [HTTP]
FIELD = TIME	VALUE = [Monday;23:10:33;12:10:22, Friday;00:10:33;12:15:22]
FIELD = DOMAINS	VALUE = [google.com]
FIELD = DAY	VALUE = [Monday, Friday]
FIELD = IP_SRC_VER_4	VALUE = [10.0.3.21/24]
FIELD = VLAN_TAG	VALUE = [*]
------------------------------------------------------------------------------------------------------------------------------------
Order Position = 1	FORWARD_TRAFFIC:IpDstVer4
Order Position = 2	PROTECT_INTEGRITY
Order Position = 2	PROTECT_CONFIDENTIALITY
Order Position = 2	AUTHN_TRAFFIC
------------------------------------------------------------------------------------------------------------------------------------
<!> Requirement whit id= 9. No Functionality are found.
------------------------------------------------------------------------------------------------------------------------------------
	 REQUIREMENT = 10
------------------------------------------------------------------------------------------------------------------------------------
FIELD = IP_DST_VER_4	VALUE = [1.2.3.4]
FIELD = TIME	VALUE = [*]
FIELD = DAY	VALUE = [Sunday]
FIELD = IP_SRC_VER_4	VALUE = [10.0.3.21]
------------------------------------------------------------------------------------------------------------------------------------
Order Position = 1	VPN_TRAFFIC:SSL_RSA_WITH_NULL_SHA
------------------------------------------------------------------------------------------------------------------------------------
<!> Requirement whit id= 10. No Functionality are found.
ALL REQUIREMENT HAS BEEN PROCESSED AND ARE TERMINATED IN = 593ms
]]></system-out>
  <system-err><![CDATA[]]></system-err>
</testsuite>
